WARNING 2018-08-18 18:27:39,054 base 152 Not Found: /admin/
WARNING 2018-08-18 18:27:39,055 basehttp 124 "GET /admin/ HTTP/1.1" 404 4226
WARNING 2018-08-18 18:27:41,158 base 152 Not Found: /axdmin
WARNING 2018-08-18 18:27:41,159 basehttp 124 "GET /axdmin HTTP/1.1" 404 4226
WARNING 2018-08-18 18:27:41,285 base 152 Not Found: /favicon.ico
WARNING 2018-08-18 18:27:41,286 basehttp 124 "GET /favicon.ico HTTP/1.1" 404 4241
WARNING 2018-08-18 18:27:44,784 base 152 Not Found: /aadminx
WARNING 2018-08-18 18:27:44,785 basehttp 124 "GET /aadminx HTTP/1.1" 404 4229
WARNING 2018-08-18 18:27:47,482 base 152 Not Found: /adminx
WARNING 2018-08-18 18:27:47,483 basehttp 124 "GET /adminx HTTP/1.1" 404 4226
WARNING 2018-08-18 18:27:49,403 base 152 Not Found: /adminx
WARNING 2018-08-18 18:27:49,404 basehttp 124 "GET /adminx HTTP/1.1" 404 4226
INFO 2018-08-18 18:27:54,955 basehttp 124 "GET /xadmin/ HTTP/1.1" 200 4366
INFO 2018-08-18 18:27:54,972 basehttp 124 "GET /static/xadmin/css/xadmin.main.css HTTP/1.1" 304 0
INFO 2018-08-18 18:27:54,973 basehttp 124 "GET /static/xadmin/vendor/font-awesome/css/font-awesome.css HTTP/1.1" 304 0
INFO 2018-08-18 18:27:54,973 basehttp 124 "GET /static/xadmin/css/xadmin.plugins.css HTTP/1.1" 304 0
INFO 2018-08-18 18:27:54,975 basehttp 124 "GET /static/xadmin/css/xadmin.responsive.css HTTP/1.1" 304 0
INFO 2018-08-18 18:27:54,990 basehttp 124 "GET /static/xadmin/vendor/bootstrap/css/bootstrap.css HTTP/1.1" 304 0
INFO 2018-08-18 18:27:54,993 basehttp 124 "GET /static/xadmin/vendor/jquery-ui/jquery.ui.core.js HTTP/1.1" 304 0
INFO 2018-08-18 18:27:54,996 basehttp 124 "GET /static/xadmin/css/themes/bootstrap-xadmin.css HTTP/1.1" 304 0
INFO 2018-08-18 18:27:54,998 basehttp 124 "GET /static/xadmin/vendor/jquery-ui/jquery.ui.widget.js HTTP/1.1" 304 0
INFO 2018-08-18 18:27:55,000 basehttp 124 "GET /static/xadmin/vendor/jquery-ui/jquery.ui.mouse.js HTTP/1.1" 304 0
INFO 2018-08-18 18:27:55,000 basehttp 124 "GET /xadmin/jsi18n/ HTTP/1.1" 200 4373
INFO 2018-08-18 18:27:55,005 basehttp 124 "GET /static/xadmin/vendor/jquery-ui/jquery.ui.sortable.js HTTP/1.1" 304 0
INFO 2018-08-18 18:27:55,006 basehttp 124 "GET /static/xadmin/vendor/jquery/jquery.js HTTP/1.1" 304 0
INFO 2018-08-18 18:27:55,006 basehttp 124 "GET /static/xadmin/vendor/bootstrap/js/bootstrap.js HTTP/1.1" 304 0
INFO 2018-08-18 18:27:55,009 basehttp 124 "GET /static/xadmin/js/xadmin.main.js HTTP/1.1" 304 0
INFO 2018-08-18 18:27:55,020 basehttp 124 "GET /static/xadmin/js/xadmin.responsive.js HTTP/1.1" 304 0
INFO 2018-08-18 18:27:55,026 basehttp 124 "GET /static/xadmin/vendor/jquery-ui/jquery.ui.effect.js HTTP/1.1" 304 0
INFO 2018-08-18 18:27:55,026 basehttp 124 "GET /static/xadmin/js/xadmin.plugin.themes.js HTTP/1.1" 304 0
INFO 2018-08-18 18:27:55,226 basehttp 124 "GET /xadmin/ HTTP/1.1" 200 4366
INFO 2018-08-18 18:27:55,308 basehttp 124 "GET /xadmin/jsi18n/ HTTP/1.1" 200 4373
INFO 2018-08-18 18:27:55,406 basehttp 124 "GET /static/xadmin/vendor/font-awesome/fonts/fontawesome-webfont.woff?v=4.0.3 HTTP/1.1" 304 0
INFO 2018-08-18 18:28:01,087 basehttp 124 "POST /xadmin/ HTTP/1.1" 302 0
INFO 2018-08-18 18:28:01,199 basehttp 124 "GET /xadmin/ HTTP/1.1" 200 16121
INFO 2018-08-18 18:28:01,235 basehttp 124 "GET /static/xadmin/js/xadmin.page.dashboard.js HTTP/1.1" 304 0
INFO 2018-08-18 18:28:01,246 basehttp 124 "GET /static/xadmin/js/xadmin.plugin.portal.js HTTP/1.1" 304 0
INFO 2018-08-18 18:28:01,247 basehttp 124 "GET /static/xadmin/css/xadmin.page.dashboard.css HTTP/1.1" 304 0
INFO 2018-08-18 18:28:01,308 basehttp 124 "GET /xadmin/jsi18n/ HTTP/1.1" 200 4753
INFO 2018-08-18 18:28:05,391 basehttp 124 "GET /xadmin/blog/category/ HTTP/1.1" 200 24943
INFO 2018-08-18 18:28:05,430 basehttp 124 "GET /static/xadmin/js/xadmin.plugin.bookmark.js HTTP/1.1" 304 0
INFO 2018-08-18 18:28:05,445 basehttp 124 "GET /static/xadmin/js/xadmin.plugin.details.js HTTP/1.1" 304 0
INFO 2018-08-18 18:28:05,449 basehttp 124 "GET /static/xadmin/css/xadmin.form.css HTTP/1.1" 304 0
INFO 2018-08-18 18:28:05,459 basehttp 124 "GET /xadmin/jsi18n/ HTTP/1.1" 200 4753
INFO 2018-08-18 18:28:05,465 basehttp 124 "GET /static/xadmin/js/xadmin.page.form.js HTTP/1.1" 304 0
INFO 2018-08-18 18:28:05,467 basehttp 124 "GET /static/xadmin/js/xadmin.plugin.filters.js HTTP/1.1" 304 0
INFO 2018-08-18 18:28:05,472 basehttp 124 "GET /static/xadmin/js/xadmin.page.list.js HTTP/1.1" 304 0
INFO 2018-08-18 18:28:10,162 basehttp 124 "GET /xadmin/blog/article/ HTTP/1.1" 200 27941
INFO 2018-08-18 18:28:10,211 basehttp 124 "GET /xadmin/jsi18n/ HTTP/1.1" 200 4753
INFO 2018-08-18 18:28:14,009 basehttp 124 "GET /xadmin/blog/article/add/ HTTP/1.1" 200 28660
INFO 2018-08-18 18:28:14,060 basehttp 124 "GET /static/xadmin/vendor/bootstrap-image-gallery/css/bootstrap-image-gallery.css HTTP/1.1" 304 0
INFO 2018-08-18 18:28:14,061 basehttp 124 "GET /static/xadmin/vendor/bootstrap-datepicker/css/datepicker.css HTTP/1.1" 304 0
INFO 2018-08-18 18:28:14,085 basehttp 124 "GET /static/xadmin/vendor/bootstrap-clockpicker/bootstrap-clockpicker.css HTTP/1.1" 304 0
INFO 2018-08-18 18:28:14,123 basehttp 124 "GET /static/xadmin/vendor/select2/select2.css HTTP/1.1" 304 0
INFO 2018-08-18 18:28:14,126 basehttp 124 "GET /static/xadmin/vendor/selectize/selectize.css HTTP/1.1" 304 0
INFO 2018-08-18 18:28:14,131 basehttp 124 "GET /static/xadmin/vendor/load-image/load-image.js HTTP/1.1" 304 0
INFO 2018-08-18 18:28:14,135 basehttp 124 "GET /static/xadmin/vendor/selectize/selectize.bootstrap3.css HTTP/1.1" 304 0
INFO 2018-08-18 18:28:14,136 basehttp 124 "GET /static/xadmin/vendor/bootstrap-image-gallery/js/bootstrap-image-gallery.js HTTP/1.1" 304 0
INFO 2018-08-18 18:28:14,140 basehttp 124 "GET /static/xadmin/vendor/bootstrap-datepicker/js/bootstrap-datepicker.js HTTP/1.1" 304 0
INFO 2018-08-18 18:28:14,151 basehttp 124 "GET /static/xadmin/vendor/bootstrap-clockpicker/bootstrap-clockpicker.js HTTP/1.1" 304 0
INFO 2018-08-18 18:28:14,165 basehttp 124 "GET /static/xadmin/js/xadmin.widget.datetime.js HTTP/1.1" 304 0
INFO 2018-08-18 18:28:14,182 basehttp 124 "GET /xadmin/jsi18n/ HTTP/1.1" 200 4753
INFO 2018-08-18 18:28:14,182 basehttp 124 "GET /static/xadmin/vendor/selectize/selectize.js HTTP/1.1" 304 0
INFO 2018-08-18 18:28:14,191 basehttp 124 "GET /static/xadmin/vendor/select2/select2.js HTTP/1.1" 304 0
INFO 2018-08-18 18:28:14,198 basehttp 124 "GET /static/xadmin/vendor/select2/select2_locale_zh-hans.js HTTP/1.1" 304 0
INFO 2018-08-18 18:28:14,203 basehttp 124 "GET /static/xadmin/js/xadmin.widget.select.js HTTP/1.1" 304 0
INFO 2018-08-18 18:28:14,242 basehttp 124 "GET /static/xadmin/js/xadmin.plugin.quick-form.js HTTP/1.1" 304 0
INFO 2018-08-18 18:52:29,222 basehttp 124 "GET /xadmin/ HTTP/1.1" 200 16121
INFO 2018-08-18 18:52:29,307 basehttp 124 "GET /xadmin/jsi18n/ HTTP/1.1" 200 4753
INFO 2018-08-18 18:52:29,442 basehttp 124 "GET /xadmin/ HTTP/1.1" 200 16121
INFO 2018-08-18 18:52:32,890 basehttp 124 "GET /xadmin/blog/article/ HTTP/1.1" 200 27941
INFO 2018-08-18 18:52:32,936 basehttp 124 "GET /xadmin/jsi18n/ HTTP/1.1" 200 4753
INFO 2018-08-18 18:52:35,016 basehttp 124 "GET /xadmin/blog/article/add/ HTTP/1.1" 200 28660
INFO 2018-08-18 18:52:35,120 basehttp 124 "GET /xadmin/jsi18n/ HTTP/1.1" 200 4753
INFO 2018-08-18 18:52:52,728 basehttp 124 "GET /xadmin/user/user/?&_q_=s&_cols=id.__str__ HTTP/1.1" 200 130
INFO 2018-08-18 18:52:59,628 basehttp 124 "GET /xadmin/blog/category/add/ HTTP/1.1" 200 1592
INFO 2018-08-18 18:53:04,593 basehttp 124 "POST /xadmin/blog/category/add/ HTTP/1.1" 200 154
INFO 2018-08-18 18:53:04,695 basehttp 124 "GET /xadmin/blog/article/add/?_field=category&category=1 HTTP/1.1" 200 2357
INFO 2018-08-18 18:53:09,382 basehttp 124 "GET /xadmin/blog/tag/add/ HTTP/1.1" 200 1582
INFO 2018-08-18 18:53:18,189 basehttp 124 "POST /xadmin/blog/tag/add/ HTTP/1.1" 200 144
INFO 2018-08-18 18:53:18,315 basehttp 124 "GET /xadmin/blog/article/add/?_field=tags&tags=1, HTTP/1.1" 200 1563
INFO 2018-08-18 18:53:24,898 basehttp 124 "POST /xadmin/blog/article/add/ HTTP/1.1" 302 0
INFO 2018-08-18 18:53:25,106 basehttp 124 "GET /xadmin/blog/article/ HTTP/1.1" 200 38331
INFO 2018-08-18 18:53:25,164 basehttp 124 "GET /static/xadmin/js/xadmin.plugin.editable.js HTTP/1.1" 200 6151
INFO 2018-08-18 18:53:25,168 basehttp 124 "GET /static/xadmin/css/xadmin.widget.editable.css HTTP/1.1" 200 1099
INFO 2018-08-18 18:53:25,179 basehttp 124 "GET /static/xadmin/js/xadmin.plugin.actions.js HTTP/1.1" 304 0
INFO 2018-08-18 18:53:25,197 basehttp 124 "GET /xadmin/jsi18n/ HTTP/1.1" 200 4753
INFO 2018-08-18 18:53:42,703 basehttp 124 "GET /xadmin/blog/article/1/update/ HTTP/1.1" 200 29117
INFO 2018-08-18 18:53:42,777 basehttp 124 "GET /xadmin/jsi18n/ HTTP/1.1" 200 4753
INFO 2018-08-18 18:53:49,146 basehttp 124 "POST /xadmin/blog/article/1/update/ HTTP/1.1" 302 0
INFO 2018-08-18 18:53:49,303 basehttp 124 "GET /xadmin/blog/article/? HTTP/1.1" 200 38269
INFO 2018-08-18 18:53:49,366 basehttp 124 "GET /xadmin/jsi18n/ HTTP/1.1" 200 4753
INFO 2018-08-18 18:54:15,896 basehttp 124 "GET /xadmin/blog/article/?_q_=world HTTP/1.1" 200 39646
INFO 2018-08-18 18:54:15,983 basehttp 124 "GET /xadmin/jsi18n/ HTTP/1.1" 200 4753
INFO 2018-08-18 18:54:17,832 basehttp 124 "GET /xadmin/blog/article/? HTTP/1.1" 200 38038
INFO 2018-08-18 18:54:17,888 basehttp 124 "GET /xadmin/jsi18n/ HTTP/1.1" 200 4753
INFO 2018-08-18 18:54:24,040 basehttp 124 "GET /xadmin/user/user/1/detail/?_format=html HTTP/1.1" 200 4715
INFO 2018-08-18 18:54:24,697 basehttp 124 "GET /xadmin/user/user/1/detail/?_format=html HTTP/1.1" 200 4715
INFO 2018-08-18 18:54:24,953 basehttp 124 "GET /xadmin/user/user/1/detail/?_format=html HTTP/1.1" 200 4715
INFO 2018-08-18 18:54:25,208 basehttp 124 "GET /xadmin/user/user/1/detail/?_format=html HTTP/1.1" 200 4715
INFO 2018-08-18 18:56:03,165 basehttp 124 "GET /xadmin/blog/article/? HTTP/1.1" 200 35528
INFO 2018-08-18 18:56:03,207 basehttp 124 "GET /xadmin/jsi18n/ HTTP/1.1" 200 4753
INFO 2018-08-18 18:56:18,470 basehttp 124 "GET /xadmin/blog/article/1/update/ HTTP/1.1" 200 29119
INFO 2018-08-18 18:56:18,516 basehttp 124 "GET /xadmin/jsi18n/ HTTP/1.1" 200 4753
INFO 2018-08-18 18:56:29,079 basehttp 124 "POST /xadmin/blog/article/1/update/ HTTP/1.1" 302 0
INFO 2018-08-18 18:56:29,229 basehttp 124 "GET /xadmin/blog/article/? HTTP/1.1" 200 35759
INFO 2018-08-18 18:56:29,293 basehttp 124 "GET /xadmin/jsi18n/ HTTP/1.1" 200 4753
INFO 2018-08-18 18:56:39,204 basehttp 124 "GET /xadmin/blog/article/ HTTP/1.1" 200 35528
INFO 2018-08-18 18:56:39,280 basehttp 124 "GET /xadmin/jsi18n/ HTTP/1.1" 200 4753
INFO 2018-08-18 18:56:41,315 basehttp 124 "GET / HTTP/1.1" 200 6756
INFO 2018-08-18 18:56:41,351 basehttp 124 "GET /static/css/style.css HTTP/1.1" 304 0
INFO 2018-08-18 18:56:41,374 basehttp 124 "GET /static/images/upload/askdhfkahsdfh_SlCbVZ3.png HTTP/1.1" 200 52043
INFO 2018-08-18 18:56:41,397 basehttp 124 "GET /static/js/scripts.js HTTP/1.1" 304 0
INFO 2018-08-18 18:56:46,046 basehttp 124 "GET /article/tag/1 HTTP/1.1" 200 5780
INFO 2018-08-18 18:56:46,065 basehttp 124 "GET /static/images/upload/askdhfkahsdfh_SlCbVZ3.png HTTP/1.1" 304 0
INFO 2018-08-18 18:56:49,528 basehttp 124 "GET / HTTP/1.1" 200 6756
INFO 2018-08-18 18:56:49,572 basehttp 124 "GET /static/images/upload/askdhfkahsdfh_SlCbVZ3.png HTTP/1.1" 304 0
INFO 2018-08-18 18:56:58,513 basehttp 124 "GET /logout/ HTTP/1.1" 302 0
INFO 2018-08-18 18:56:58,569 basehttp 124 "GET / HTTP/1.1" 200 6783
INFO 2018-08-18 18:56:58,598 basehttp 124 "GET /static/images/upload/askdhfkahsdfh_SlCbVZ3.png HTTP/1.1" 304 0
INFO 2018-08-18 18:57:35,681 basehttp 124 "GET / HTTP/1.1" 200 6783
INFO 2018-08-18 18:57:35,724 basehttp 124 "GET /static/images/upload/askdhfkahsdfh_SlCbVZ3.png HTTP/1.1" 304 0
INFO 2018-08-18 18:57:35,913 basehttp 124 "GET /static/images/icon/favicon.ico HTTP/1.1" 200 9817
INFO 2018-08-18 18:57:37,485 basehttp 124 "GET /login/ HTTP/1.1" 200 5947
INFO 2018-08-18 18:57:37,535 basehttp 124 "GET /static/js/other.js HTTP/1.1" 304 0
INFO 2018-08-18 18:57:41,423 basehttp 124 "POST /login/ HTTP/1.1" 200 62
INFO 2018-08-18 19:12:04,221 basehttp 124 "GET /xadmin/blog/article/add/ HTTP/1.1" 200 4383
INFO 2018-08-18 19:12:04,260 basehttp 124 "GET /xadmin/jsi18n/ HTTP/1.1" 200 4373
INFO 2018-08-18 19:12:09,617 basehttp 124 "POST /xadmin/blog/article/add/ HTTP/1.1" 302 0
INFO 2018-08-18 19:12:14,622 basehttp 124 "GET /xadmin/blog/article/add/ HTTP/1.1" 200 28729
INFO 2018-08-18 19:12:14,719 basehttp 124 "GET /xadmin/jsi18n/ HTTP/1.1" 200 4753
INFO 2018-08-18 19:13:36,012 basehttp 124 "GET /xadmin/ HTTP/1.1" 200 16121
INFO 2018-08-18 19:13:36,078 basehttp 124 "GET /xadmin/jsi18n/ HTTP/1.1" 200 4753
INFO 2018-08-18 19:13:39,503 basehttp 124 "GET /xadmin/blog/article/ HTTP/1.1" 200 35528
INFO 2018-08-18 19:13:39,533 basehttp 124 "GET /xadmin/jsi18n/ HTTP/1.1" 200 4753
INFO 2018-08-18 19:13:41,291 basehttp 124 "GET /xadmin/blog/article/add/ HTTP/1.1" 200 28729
INFO 2018-08-18 19:13:41,346 basehttp 124 "GET /xadmin/jsi18n/ HTTP/1.1" 200 4753
INFO 2018-08-18 19:15:44,093 basehttp 124 "GET /xadmin/blog/article/ HTTP/1.1" 200 35528
INFO 2018-08-18 19:15:44,161 basehttp 124 "GET /xadmin/jsi18n/ HTTP/1.1" 200 4753
INFO 2018-08-18 19:15:47,440 basehttp 124 "GET /xadmin/blog/article/add/ HTTP/1.1" 200 28729
INFO 2018-08-18 19:15:47,498 basehttp 124 "GET /xadmin/jsi18n/ HTTP/1.1" 200 4753
INFO 2018-08-18 19:20:23,625 basehttp 124 "GET /xadmin/ HTTP/1.1" 200 16121
INFO 2018-08-18 19:20:23,743 basehttp 124 "GET /xadmin/jsi18n/ HTTP/1.1" 200 4753
INFO 2018-08-18 19:20:27,178 basehttp 124 "GET /xadmin/blog/article/ HTTP/1.1" 200 35528
INFO 2018-08-18 19:20:27,230 basehttp 124 "GET /xadmin/jsi18n/ HTTP/1.1" 200 4753
INFO 2018-08-18 19:20:30,650 basehttp 124 "GET /xadmin/blog/article/add/ HTTP/1.1" 200 28729
INFO 2018-08-18 19:20:30,726 basehttp 124 "GET /xadmin/jsi18n/ HTTP/1.1" 200 4753
INFO 2018-08-18 19:23:39,665 basehttp 124 "GET /xadmin/blog/article/add/ HTTP/1.1" 200 28729
INFO 2018-08-18 19:23:39,707 basehttp 124 "GET /xadmin/jsi18n/ HTTP/1.1" 200 4753
INFO 2018-08-18 19:23:42,754 basehttp 124 "GET /xadmin/blog/article/add/ HTTP/1.1" 200 28729
INFO 2018-08-18 19:23:42,823 basehttp 124 "GET /xadmin/jsi18n/ HTTP/1.1" 200 4753
INFO 2018-08-18 19:24:29,064 basehttp 124 "GET /xadmin/blog/article/add/ HTTP/1.1" 200 29996
INFO 2018-08-18 19:24:29,128 basehttp 124 "GET /xadmin/jsi18n/ HTTP/1.1" 200 4753
INFO 2018-08-18 19:24:34,583 basehttp 124 "GET /xadmin/other/mottolist/ HTTP/1.1" 200 26746
INFO 2018-08-18 19:24:34,634 basehttp 124 "GET /xadmin/jsi18n/ HTTP/1.1" 200 4753
INFO 2018-08-18 19:25:14,838 basehttp 124 "GET /xadmin/other/mottolist/ HTTP/1.1" 200 26761
INFO 2018-08-18 19:25:14,863 basehttp 124 "GET /xadmin/jsi18n/ HTTP/1.1" 200 4753
INFO 2018-08-18 19:25:15,210 basehttp 124 "GET /xadmin/other/mottolist/ HTTP/1.1" 200 26761
INFO 2018-08-18 19:25:15,275 basehttp 124 "GET /xadmin/jsi18n/ HTTP/1.1" 200 4753
INFO 2018-08-18 19:25:16,824 basehttp 124 "GET /xadmin/other/mottolist/ HTTP/1.1" 200 26761
INFO 2018-08-18 19:25:16,879 basehttp 124 "GET /xadmin/jsi18n/ HTTP/1.1" 200 4753
INFO 2018-08-18 19:25:18,497 basehttp 124 "GET /xadmin/other/mottolist/ HTTP/1.1" 200 26761
INFO 2018-08-18 19:25:18,536 basehttp 124 "GET /xadmin/jsi18n/ HTTP/1.1" 200 4753
INFO 2018-08-18 19:25:22,438 basehttp 124 "GET /xadmin/other/mottolist/ HTTP/1.1" 200 26761
INFO 2018-08-18 19:25:22,468 basehttp 124 "GET /xadmin/jsi18n/ HTTP/1.1" 200 4753
INFO 2018-08-18 19:25:24,199 basehttp 124 "GET /xadmin/other/mottolist/add/ HTTP/1.1" 200 19626
INFO 2018-08-18 19:25:24,236 basehttp 124 "GET /xadmin/jsi18n/ HTTP/1.1" 200 4753
INFO 2018-08-18 19:33:22,166 basehttp 124 "GET /xadmin/other/mottolist/ HTTP/1.1" 200 26901
INFO 2018-08-18 19:33:22,246 basehttp 124 "GET /xadmin/jsi18n/ HTTP/1.1" 200 4753
INFO 2018-08-18 19:33:23,732 basehttp 124 "GET /xadmin/other/mottolist/ HTTP/1.1" 200 26901
INFO 2018-08-18 19:33:23,765 basehttp 124 "GET /xadmin/jsi18n/ HTTP/1.1" 200 4753
INFO 2018-08-18 19:33:25,768 basehttp 124 "GET /xadmin/other/mottolist/add/ HTTP/1.1" 200 19650
INFO 2018-08-18 19:33:25,799 basehttp 124 "GET /xadmin/jsi18n/ HTTP/1.1" 200 4753
INFO 2018-08-18 20:55:47,113 basehttp 124 "GET / HTTP/1.1" 200 4935
INFO 2018-08-18 20:55:47,245 basehttp 124 "GET /static/js/scripts.js HTTP/1.1" 304 0
INFO 2018-08-18 20:55:47,309 basehttp 124 "GET /static/css/style.css HTTP/1.1" 304 0
INFO 2018-08-18 20:57:07,607 basehttp 124 "GET / HTTP/1.1" 200 5340
INFO 2018-08-18 20:57:07,875 basehttp 124 "GET /static/images/icon/favicon.ico HTTP/1.1" 200 9817
INFO 2018-08-18 20:57:12,925 basehttp 124 "GET / HTTP/1.1" 200 5340
INFO 2018-08-18 20:57:13,039 basehttp 124 "GET /static/images/icon/favicon.ico HTTP/1.1" 200 9817
INFO 2018-08-18 20:57:14,010 basehttp 124 "GET / HTTP/1.1" 200 5340
INFO 2018-08-18 20:57:14,152 basehttp 124 "GET /static/images/icon/favicon.ico HTTP/1.1" 200 9817
INFO 2018-08-18 20:58:03,687 basehttp 124 "GET / HTTP/1.1" 200 5340
INFO 2018-08-18 20:58:03,930 basehttp 124 "GET /static/images/icon/favicon.ico HTTP/1.1" 200 9817
INFO 2018-08-18 20:58:30,228 basehttp 124 "GET / HTTP/1.1" 200 5340
INFO 2018-08-18 20:58:30,282 basehttp 124 "GET /static/css/github-markdown.css HTTP/1.1" 200 5585
INFO 2018-08-18 20:58:30,286 basehttp 124 "GET /static/css/highlights/github.css HTTP/1.1" 200 4015
INFO 2018-08-18 20:58:30,303 basehttp 124 "GET /static/css/font-awesome.min.css HTTP/1.1" 200 26711
INFO 2018-08-18 20:58:30,306 basehttp 124 "GET /static/css/style.css HTTP/1.1" 200 49054
INFO 2018-08-18 20:58:30,310 basehttp 124 "GET /static/css/bootstrap.min.css HTTP/1.1" 200 121200
INFO 2018-08-18 20:58:30,314 basehttp 124 "GET /static/js/jquery-2.1.4.min.js HTTP/1.1" 200 84345
INFO 2018-08-18 20:58:30,323 basehttp 124 "GET /static/js/nprogress.js HTTP/1.1" 200 8933
INFO 2018-08-18 20:58:30,326 basehttp 124 "GET /static/css/nprogress.css HTTP/1.1" 200 1410
INFO 2018-08-18 20:58:30,346 basehttp 124 "GET /static/js/jquery.lazyload.min.js HTTP/1.1" 200 4134
INFO 2018-08-18 20:58:30,373 basehttp 124 "GET /static/images/logo.png HTTP/1.1" 200 2317
INFO 2018-08-18 20:58:30,375 basehttp 124 "GET /static/js/bootstrap.min.js HTTP/1.1" 200 36816
INFO 2018-08-18 20:58:30,429 basehttp 124 "GET /static/js/scripts.js HTTP/1.1" 200 902
INFO 2018-08-18 20:58:30,432 basehttp 124 "GET /static/fonts/glyphicons-halflings-regular.woff2 HTTP/1.1" 200 18028
INFO 2018-08-18 20:58:30,433 basehttp 124 "GET /static/images/backtop.png HTTP/1.1" 200 1123
INFO 2018-08-18 20:58:30,439 basehttp 124 "GET /static/js/jquery.ias.js HTTP/1.1" 200 6669
INFO 2018-08-18 20:58:30,551 basehttp 124 "GET /static/images/icon/favicon.ico HTTP/1.1" 200 9817
INFO 2018-08-18 20:59:21,891 basehttp 124 "GET / HTTP/1.1" 200 5340
INFO 2018-08-18 20:59:22,140 basehttp 124 "GET /static/images/icon/favicon.ico HTTP/1.1" 200 9817
INFO 2018-08-18 20:59:23,140 basehttp 124 "GET / HTTP/1.1" 200 5340
INFO 2018-08-18 20:59:23,310 basehttp 124 "GET /static/images/icon/favicon.ico HTTP/1.1" 200 9817
INFO 2018-08-18 20:59:24,862 basehttp 124 "GET / HTTP/1.1" 200 5340
INFO 2018-08-18 20:59:24,966 basehttp 124 "GET /static/images/icon/favicon.ico HTTP/1.1" 200 9817
INFO 2018-08-18 20:59:26,936 basehttp 124 "GET / HTTP/1.1" 200 5340
INFO 2018-08-18 20:59:26,968 basehttp 124 "GET /static/css/github-markdown.css HTTP/1.1" 200 5585
INFO 2018-08-18 20:59:26,972 basehttp 124 "GET /static/css/nprogress.css HTTP/1.1" 200 1410
INFO 2018-08-18 20:59:26,986 basehttp 124 "GET /static/css/style.css HTTP/1.1" 200 49054
INFO 2018-08-18 20:59:26,995 basehttp 124 "GET /static/js/jquery.lazyload.min.js HTTP/1.1" 200 4134
INFO 2018-08-18 20:59:26,997 basehttp 124 "GET /static/css/bootstrap.min.css HTTP/1.1" 200 121200
INFO 2018-08-18 20:59:27,000 basehttp 124 "GET /static/css/font-awesome.min.css HTTP/1.1" 200 26711
INFO 2018-08-18 20:59:27,002 basehttp 124 "GET /static/js/jquery-2.1.4.min.js HTTP/1.1" 200 84345
INFO 2018-08-18 20:59:27,006 basehttp 124 "GET /static/css/highlights/github.css HTTP/1.1" 200 4015
INFO 2018-08-18 20:59:27,007 basehttp 124 "GET /static/js/nprogress.js HTTP/1.1" 200 8933
INFO 2018-08-18 20:59:27,021 basehttp 124 "GET /static/images/logo.png HTTP/1.1" 200 2317
INFO 2018-08-18 20:59:27,022 basehttp 124 "GET /static/js/bootstrap.min.js HTTP/1.1" 200 36816
INFO 2018-08-18 20:59:27,025 basehttp 124 "GET /static/js/jquery.ias.js HTTP/1.1" 200 6669
INFO 2018-08-18 20:59:27,033 basehttp 124 "GET /static/js/scripts.js HTTP/1.1" 200 902
INFO 2018-08-18 20:59:27,043 basehttp 124 "GET /static/images/backtop.png HTTP/1.1" 200 1123
INFO 2018-08-18 20:59:27,051 basehttp 124 "GET /static/fonts/glyphicons-halflings-regular.woff2 HTTP/1.1" 200 18028
INFO 2018-08-18 20:59:27,105 basehttp 124 "GET /static/images/icon/favicon.ico HTTP/1.1" 200 9817
INFO 2018-08-18 21:00:29,402 basehttp 124 "GET / HTTP/1.1" 200 5340
INFO 2018-08-18 21:00:29,555 basehttp 124 "GET /static/images/icon/favicon.ico HTTP/1.1" 200 9817
INFO 2018-08-18 21:01:17,839 basehttp 124 "GET / HTTP/1.1" 200 5340
INFO 2018-08-18 21:01:18,042 basehttp 124 "GET /static/images/icon/favicon.ico HTTP/1.1" 200 9817
INFO 2018-08-18 21:02:44,413 basehttp 124 "GET / HTTP/1.1" 200 5722
INFO 2018-08-18 21:02:44,724 basehttp 124 "GET /static/images/icon/favicon.ico HTTP/1.1" 200 9817
INFO 2018-08-18 21:02:47,988 basehttp 124 "GET / HTTP/1.1" 200 5400
INFO 2018-08-18 21:02:48,092 basehttp 124 "GET /static/images/icon/favicon.ico HTTP/1.1" 200 9817
INFO 2018-08-18 21:02:56,496 basehttp 124 "GET / HTTP/1.1" 200 5934
INFO 2018-08-18 21:02:56,641 basehttp 124 "GET /static/images/icon/favicon.ico HTTP/1.1" 200 9817
INFO 2018-08-18 21:02:57,528 basehttp 124 "GET / HTTP/1.1" 200 5356
INFO 2018-08-18 21:02:57,631 basehttp 124 "GET /static/images/icon/favicon.ico HTTP/1.1" 200 9817
INFO 2018-08-18 21:02:58,797 basehttp 124 "GET / HTTP/1.1" 200 5434
INFO 2018-08-18 21:02:58,934 basehttp 124 "GET /static/images/icon/favicon.ico HTTP/1.1" 200 9817
INFO 2018-08-18 21:03:03,208 basehttp 124 "GET / HTTP/1.1" 200 6136
INFO 2018-08-18 21:03:31,261 basehttp 124 "GET / HTTP/1.1" 200 5238
INFO 2018-08-18 21:03:31,410 basehttp 124 "GET /static/images/icon/favicon.ico HTTP/1.1" 200 9817
INFO 2018-08-18 21:03:32,034 basehttp 124 "GET / HTTP/1.1" 200 5356
INFO 2018-08-18 21:03:32,086 basehttp 124 "GET /static/images/icon/favicon.ico HTTP/1.1" 200 9817
INFO 2018-08-18 21:03:33,111 basehttp 124 "GET / HTTP/1.1" 200 5346
INFO 2018-08-18 21:03:33,234 basehttp 124 "GET /static/images/icon/favicon.ico HTTP/1.1" 200 9817
INFO 2018-08-18 21:03:33,857 basehttp 124 "GET / HTTP/1.1" 200 5276
INFO 2018-08-18 21:03:33,953 basehttp 124 "GET /static/images/icon/favicon.ico HTTP/1.1" 200 9817
INFO 2018-08-18 21:03:34,431 basehttp 124 "GET / HTTP/1.1" 200 5704
INFO 2018-08-18 21:03:34,566 basehttp 124 "GET /static/images/icon/favicon.ico HTTP/1.1" 200 9817
INFO 2018-08-18 21:03:35,359 basehttp 124 "GET / HTTP/1.1" 200 6166
INFO 2018-08-18 21:03:35,467 basehttp 124 "GET /static/images/icon/favicon.ico HTTP/1.1" 200 9817
INFO 2018-08-18 21:03:36,014 basehttp 124 "GET / HTTP/1.1" 200 5456
INFO 2018-08-18 21:03:36,117 basehttp 124 "GET /static/images/icon/favicon.ico HTTP/1.1" 200 9817
INFO 2018-08-18 21:03:36,567 basehttp 124 "GET / HTTP/1.1" 200 5276
INFO 2018-08-18 21:03:36,681 basehttp 124 "GET /static/images/icon/favicon.ico HTTP/1.1" 200 9817
INFO 2018-08-18 21:03:37,099 basehttp 124 "GET / HTTP/1.1" 200 6166
INFO 2018-08-18 21:03:37,200 basehttp 124 "GET /static/images/icon/favicon.ico HTTP/1.1" 200 9817
INFO 2018-08-18 21:03:37,983 basehttp 124 "GET / HTTP/1.1" 200 5204
INFO 2018-08-18 21:03:38,090 basehttp 124 "GET /static/images/icon/favicon.ico HTTP/1.1" 200 9817
INFO 2018-08-18 21:03:38,447 basehttp 124 "GET / HTTP/1.1" 200 6166
INFO 2018-08-18 21:03:38,660 basehttp 124 "GET /static/images/icon/favicon.ico HTTP/1.1" 200 9817
INFO 2018-08-18 21:03:38,824 basehttp 124 "GET / HTTP/1.1" 200 5806
INFO 2018-08-18 21:03:39,048 basehttp 124 "GET /static/images/icon/favicon.ico HTTP/1.1" 200 9817
INFO 2018-08-18 21:03:39,277 basehttp 124 "GET / HTTP/1.1" 200 5490
INFO 2018-08-18 21:03:39,502 basehttp 124 "GET /static/images/icon/favicon.ico HTTP/1.1" 200 9817
INFO 2018-08-18 21:03:39,892 basehttp 124 "GET / HTTP/1.1" 200 5356
INFO 2018-08-18 21:03:40,072 basehttp 124 "GET /static/images/icon/favicon.ico HTTP/1.1" 200 9817
INFO 2018-08-18 21:03:40,707 basehttp 124 "GET / HTTP/1.1" 200 5356
INFO 2018-08-18 21:03:40,937 basehttp 124 "GET /static/images/icon/favicon.ico HTTP/1.1" 200 9817
INFO 2018-08-18 21:03:41,162 basehttp 124 "GET / HTTP/1.1" 200 5898
INFO 2018-08-18 21:03:41,292 basehttp 124 "GET /static/images/icon/favicon.ico HTTP/1.1" 200 9817
INFO 2018-08-18 21:03:42,083 basehttp 124 "GET / HTTP/1.1" 200 5400
INFO 2018-08-18 21:03:42,179 basehttp 124 "GET /static/images/icon/favicon.ico HTTP/1.1" 200 9817
INFO 2018-08-18 21:03:44,513 basehttp 124 "GET / HTTP/1.1" 200 5276
INFO 2018-08-18 21:03:44,574 basehttp 124 "GET /static/images/icon/favicon.ico HTTP/1.1" 200 9817
INFO 2018-08-18 21:03:45,939 basehttp 124 "GET / HTTP/1.1" 200 5382
INFO 2018-08-18 21:03:46,045 basehttp 124 "GET /static/images/icon/favicon.ico HTTP/1.1" 200 9817
INFO 2018-08-18 21:03:47,108 basehttp 124 "GET / HTTP/1.1" 200 5382
INFO 2018-08-18 21:03:47,285 basehttp 124 "GET /static/images/icon/favicon.ico HTTP/1.1" 200 9817
INFO 2018-08-18 21:03:48,266 basehttp 124 "GET / HTTP/1.1" 200 5700
INFO 2018-08-18 21:03:48,475 basehttp 124 "GET /static/images/icon/favicon.ico HTTP/1.1" 200 9817
INFO 2018-08-18 21:03:53,203 basehttp 124 "GET /article/blog HTTP/1.1" 200 5397
INFO 2018-08-18 21:03:53,241 basehttp 124 "GET /static/js/bloglist.js HTTP/1.1" 304 0
INFO 2018-08-18 21:03:53,338 basehttp 124 "GET /article/blogdata?page=1 HTTP/1.1" 200 2
INFO 2018-08-18 21:03:55,284 basehttp 124 "GET /article/archives HTTP/1.1" 200 4625
INFO 2018-08-18 21:03:55,299 basehttp 124 "GET /static/js/other.js HTTP/1.1" 304 0
INFO 2018-08-18 21:03:57,138 basehttp 124 "GET / HTTP/1.1" 200 5490
INFO 2018-08-18 21:09:44,587 basehttp 124 "GET / HTTP/1.1" 200 5433
INFO 2018-08-18 21:09:50,501 basehttp 124 "GET / HTTP/1.1" 200 5891
INFO 2018-08-18 21:09:50,544 basehttp 124 "GET /static/css/github-markdown.css HTTP/1.1" 200 5585
INFO 2018-08-18 21:09:50,550 basehttp 124 "GET /static/css/bootstrap.min.css HTTP/1.1" 200 121200
INFO 2018-08-18 21:09:50,562 basehttp 124 "GET /static/css/style.css HTTP/1.1" 200 49054
INFO 2018-08-18 21:09:50,566 basehttp 124 "GET /static/css/font-awesome.min.css HTTP/1.1" 200 26711
INFO 2018-08-18 21:09:50,574 basehttp 124 "GET /static/css/nprogress.css HTTP/1.1" 200 1410
INFO 2018-08-18 21:09:50,576 basehttp 124 "GET /static/js/jquery.lazyload.min.js HTTP/1.1" 200 4134
INFO 2018-08-18 21:09:50,591 basehttp 124 "GET /static/js/jquery-2.1.4.min.js HTTP/1.1" 200 84345
INFO 2018-08-18 21:09:50,594 basehttp 124 "GET /static/js/bootstrap.min.js HTTP/1.1" 200 36816
INFO 2018-08-18 21:09:50,595 basehttp 124 "GET /static/js/nprogress.js HTTP/1.1" 200 8933
INFO 2018-08-18 21:09:50,596 basehttp 124 "GET /static/css/highlights/github.css HTTP/1.1" 200 4015
INFO 2018-08-18 21:09:50,599 basehttp 124 "GET /static/images/logo.png HTTP/1.1" 200 2317
INFO 2018-08-18 21:09:50,624 basehttp 124 "GET /static/js/jquery.ias.js HTTP/1.1" 200 6669
INFO 2018-08-18 21:09:50,646 basehttp 124 "GET /static/js/scripts.js HTTP/1.1" 200 902
INFO 2018-08-18 21:09:50,657 basehttp 124 "GET /static/images/backtop.png HTTP/1.1" 200 1123
INFO 2018-08-18 21:09:50,667 basehttp 124 "GET /static/fonts/glyphicons-halflings-regular.woff2 HTTP/1.1" 200 18028
INFO 2018-08-18 21:09:50,775 basehttp 124 "GET /static/images/icon/favicon.ico HTTP/1.1" 200 9817
INFO 2018-08-18 21:09:52,588 basehttp 124 "GET /about HTTP/1.1" 200 4774
INFO 2018-08-18 21:10:54,794 basehttp 124 "GET /about HTTP/1.1" 200 4565
INFO 2018-08-18 21:10:54,932 basehttp 124 "GET /static/images/icon/favicon.ico HTTP/1.1" 200 9817
INFO 2018-08-18 21:13:39,075 basehttp 124 "GET /about HTTP/1.1" 200 5436
INFO 2018-08-18 21:13:39,218 basehttp 124 "GET /static/images/icon/favicon.ico HTTP/1.1" 200 9817
INFO 2018-08-18 21:14:46,587 basehttp 124 "GET /about HTTP/1.1" 200 4705
INFO 2018-08-18 21:14:46,717 basehttp 124 "GET /static/images/icon/favicon.ico HTTP/1.1" 200 9817
INFO 2018-08-18 21:14:58,544 basehttp 124 "GET /about HTTP/1.1" 200 4975
INFO 2018-08-18 21:15:03,333 basehttp 124 "GET /about HTTP/1.1" 200 4546
INFO 2018-08-18 21:15:03,358 basehttp 124 "GET /static/css/github-markdown.css HTTP/1.1" 200 5585
INFO 2018-08-18 21:15:03,375 basehttp 124 "GET /static/css/font-awesome.min.css HTTP/1.1" 200 26711
INFO 2018-08-18 21:15:03,376 basehttp 124 "GET /static/css/nprogress.css HTTP/1.1" 200 1410
INFO 2018-08-18 21:15:03,378 basehttp 124 "GET /static/css/highlights/github.css HTTP/1.1" 200 4015
INFO 2018-08-18 21:15:03,379 basehttp 124 "GET /static/css/style.css HTTP/1.1" 200 49054
INFO 2018-08-18 21:15:03,380 basehttp 124 "GET /static/css/bootstrap.min.css HTTP/1.1" 200 121200
INFO 2018-08-18 21:15:03,386 basehttp 124 "GET /static/js/jquery-2.1.4.min.js HTTP/1.1" 200 84345
INFO 2018-08-18 21:15:03,387 basehttp 124 "GET /static/js/nprogress.js HTTP/1.1" 200 8933
INFO 2018-08-18 21:15:03,402 basehttp 124 "GET /static/js/jquery.lazyload.min.js HTTP/1.1" 200 4134
INFO 2018-08-18 21:15:03,406 basehttp 124 "GET /static/images/logo.png HTTP/1.1" 200 2317
INFO 2018-08-18 21:15:03,413 basehttp 124 "GET /static/js/bootstrap.min.js HTTP/1.1" 200 36816
INFO 2018-08-18 21:15:03,425 basehttp 124 "GET /static/js/jquery.ias.js HTTP/1.1" 200 6669
INFO 2018-08-18 21:15:03,444 basehttp 124 "GET /static/js/scripts.js HTTP/1.1" 200 902
INFO 2018-08-18 21:15:03,471 basehttp 124 "GET /static/js/other.js HTTP/1.1" 200 9172
INFO 2018-08-18 21:15:03,480 basehttp 124 "GET /static/images/backtop.png HTTP/1.1" 200 1123
INFO 2018-08-18 21:15:03,558 basehttp 124 "GET /static/images/icon/favicon.ico HTTP/1.1" 200 9817
INFO 2018-08-18 21:15:14,925 basehttp 124 "GET /about HTTP/1.1" 200 5229
INFO 2018-08-18 21:15:15,040 basehttp 124 "GET /static/images/icon/favicon.ico HTTP/1.1" 200 9817
INFO 2018-08-18 21:18:14,729 basehttp 124 "GET /about HTTP/1.1" 200 4729
INFO 2018-08-18 21:18:14,869 basehttp 124 "GET /static/images/icon/favicon.ico HTTP/1.1" 200 9817
INFO 2018-08-18 21:19:05,555 basehttp 124 "GET /about HTTP/1.1" 200 5114
INFO 2018-08-18 21:19:05,735 basehttp 124 "GET /static/images/icon/favicon.ico HTTP/1.1" 200 9817
INFO 2018-08-18 21:20:31,900 basehttp 124 "GET /about HTTP/1.1" 200 5087
INFO 2018-08-18 21:20:32,764 basehttp 124 "GET /about HTTP/1.1" 200 5541
INFO 2018-08-18 21:20:59,165 basehttp 124 "GET /about HTTP/1.1" 200 5662
INFO 2018-08-18 21:21:18,960 basehttp 124 "GET /about HTTP/1.1" 200 5809
INFO 2018-08-18 21:21:34,339 basehttp 124 "GET /about HTTP/1.1" 200 5163
INFO 2018-08-18 21:21:43,001 basehttp 124 "GET /about HTTP/1.1" 200 5037
INFO 2018-08-18 21:24:14,325 basehttp 124 "GET /about HTTP/1.1" 200 4973
INFO 2018-08-18 21:24:23,343 basehttp 124 "GET /xadmin/other/mottolist/ HTTP/1.1" 200 4382
INFO 2018-08-18 21:24:23,426 basehttp 124 "GET /static/xadmin/css/xadmin.main.css HTTP/1.1" 304 0
INFO 2018-08-18 21:24:23,448 basehttp 124 "GET /static/xadmin/vendor/bootstrap/css/bootstrap.css HTTP/1.1" 304 0
INFO 2018-08-18 21:24:23,453 basehttp 124 "GET /static/xadmin/css/themes/bootstrap-xadmin.css HTTP/1.1" 304 0
INFO 2018-08-18 21:24:23,459 basehttp 124 "GET /static/xadmin/vendor/font-awesome/css/font-awesome.css HTTP/1.1" 304 0
INFO 2018-08-18 21:24:23,470 basehttp 124 "GET /static/xadmin/vendor/jquery/jquery.js HTTP/1.1" 304 0
INFO 2018-08-18 21:24:23,478 basehttp 124 "GET /static/xadmin/js/xadmin.responsive.js HTTP/1.1" 304 0
INFO 2018-08-18 21:24:23,479 basehttp 124 "GET /static/xadmin/css/xadmin.responsive.css HTTP/1.1" 304 0
INFO 2018-08-18 21:24:23,492 basehttp 124 "GET /static/xadmin/js/xadmin.main.js HTTP/1.1" 304 0
INFO 2018-08-18 21:24:23,504 basehttp 124 "GET /xadmin/jsi18n/ HTTP/1.1" 200 4373
INFO 2018-08-18 21:24:23,504 basehttp 124 "GET /static/xadmin/vendor/jquery-ui/jquery.ui.core.js HTTP/1.1" 304 0
INFO 2018-08-18 21:24:23,511 basehttp 124 "GET /static/xadmin/css/xadmin.plugins.css HTTP/1.1" 304 0
INFO 2018-08-18 21:24:23,524 basehttp 124 "GET /static/xadmin/vendor/jquery-ui/jquery.ui.effect.js HTTP/1.1" 304 0
INFO 2018-08-18 21:24:23,529 basehttp 124 "GET /static/xadmin/vendor/bootstrap/js/bootstrap.js HTTP/1.1" 304 0
INFO 2018-08-18 21:24:23,546 basehttp 124 "GET /static/xadmin/vendor/jquery-ui/jquery.ui.widget.js HTTP/1.1" 304 0
INFO 2018-08-18 21:24:23,547 basehttp 124 "GET /static/xadmin/js/xadmin.plugin.themes.js HTTP/1.1" 304 0
INFO 2018-08-18 21:24:23,556 basehttp 124 "GET /static/xadmin/vendor/jquery-ui/jquery.ui.mouse.js HTTP/1.1" 304 0
INFO 2018-08-18 21:24:23,557 basehttp 124 "GET /static/xadmin/vendor/jquery-ui/jquery.ui.sortable.js HTTP/1.1" 304 0
INFO 2018-08-18 21:24:23,662 basehttp 124 "GET /static/xadmin/vendor/font-awesome/fonts/fontawesome-webfont.woff?v=4.0.3 HTTP/1.1" 304 0
WARNING 2018-08-18 21:24:23,854 base 152 Not Found: /favicon.ico
WARNING 2018-08-18 21:24:23,855 basehttp 124 "GET /favicon.ico HTTP/1.1" 404 4408
INFO 2018-08-18 21:24:30,141 basehttp 124 "POST /xadmin/other/mottolist/ HTTP/1.1" 200 4619
INFO 2018-08-18 21:24:30,244 basehttp 124 "GET /xadmin/jsi18n/ HTTP/1.1" 200 4373
INFO 2018-08-18 21:25:04,166 basehttp 124 "POST /xadmin/other/mottolist/ HTTP/1.1" 302 0
INFO 2018-08-18 21:25:04,440 basehttp 124 "GET /xadmin/other/mottolist/ HTTP/1.1" 200 37346
INFO 2018-08-18 21:25:04,569 basehttp 124 "GET /static/xadmin/js/xadmin.plugin.actions.js HTTP/1.1" 304 0
INFO 2018-08-18 21:25:04,580 basehttp 124 "GET /static/xadmin/js/xadmin.page.form.js HTTP/1.1" 304 0
INFO 2018-08-18 21:25:04,581 basehttp 124 "GET /static/xadmin/js/xadmin.plugin.bookmark.js HTTP/1.1" 304 0
INFO 2018-08-18 21:25:04,586 basehttp 124 "GET /static/xadmin/js/xadmin.page.list.js HTTP/1.1" 304 0
INFO 2018-08-18 21:25:04,599 basehttp 124 "GET /static/xadmin/css/xadmin.form.css HTTP/1.1" 304 0
INFO 2018-08-18 21:25:04,601 basehttp 124 "GET /static/xadmin/js/xadmin.plugin.filters.js HTTP/1.1" 304 0
INFO 2018-08-18 21:25:04,607 basehttp 124 "GET /xadmin/jsi18n/ HTTP/1.1" 200 4753
INFO 2018-08-18 21:25:04,608 basehttp 124 "GET /static/xadmin/js/xadmin.plugin.details.js HTTP/1.1" 304 0
INFO 2018-08-18 21:25:12,815 basehttp 124 "GET /xadmin/other/mottolist/?all= HTTP/1.1" 200 60757
INFO 2018-08-18 21:25:12,882 basehttp 124 "GET /xadmin/jsi18n/ HTTP/1.1" 200 4753
INFO 2018-08-18 21:25:19,750 basehttp 124 "GET /xadmin/other/mottolist/ HTTP/1.1" 200 37346
INFO 2018-08-18 21:25:19,817 basehttp 124 "GET /xadmin/jsi18n/ HTTP/1.1" 200 4753
INFO 2018-08-18 21:25:24,703 basehttp 124 "GET /xadmin/blog/category/ HTTP/1.1" 200 26215
INFO 2018-08-18 21:25:24,759 basehttp 124 "GET /xadmin/jsi18n/ HTTP/1.1" 200 4753
INFO 2018-08-18 21:25:26,232 basehttp 124 "GET /xadmin/blog/tag/ HTTP/1.1" 200 26205
INFO 2018-08-18 21:25:26,298 basehttp 124 "GET /xadmin/jsi18n/ HTTP/1.1" 200 4753
INFO 2018-08-18 21:25:27,334 basehttp 124 "GET /xadmin/blog/article/ HTTP/1.1" 200 29213
INFO 2018-08-18 21:25:27,372 basehttp 124 "GET /xadmin/jsi18n/ HTTP/1.1" 200 4753
INFO 2018-08-18 21:25:29,909 basehttp 124 "GET /xadmin/blog/article/add/ HTTP/1.1" 200 29932
INFO 2018-08-18 21:25:29,964 basehttp 124 "GET /xadmin/jsi18n/ HTTP/1.1" 200 4753
INFO 2018-08-18 21:25:29,991 basehttp 124 "GET /static/xadmin/vendor/select2/select2.css HTTP/1.1" 304 0
INFO 2018-08-18 21:25:29,991 basehttp 124 "GET /static/xadmin/vendor/bootstrap-datepicker/css/datepicker.css HTTP/1.1" 304 0
INFO 2018-08-18 21:25:29,996 basehttp 124 "GET /static/xadmin/vendor/load-image/load-image.js HTTP/1.1" 304 0
INFO 2018-08-18 21:25:29,996 basehttp 124 "GET /static/xadmin/vendor/bootstrap-clockpicker/bootstrap-clockpicker.css HTTP/1.1" 304 0
INFO 2018-08-18 21:25:29,997 basehttp 124 "GET /static/xadmin/vendor/selectize/selectize.bootstrap3.css HTTP/1.1" 304 0
INFO 2018-08-18 21:25:30,002 basehttp 124 "GET /static/xadmin/vendor/bootstrap-image-gallery/css/bootstrap-image-gallery.css HTTP/1.1" 304 0
INFO 2018-08-18 21:25:30,008 basehttp 124 "GET /static/xadmin/js/xadmin.plugin.portal.js HTTP/1.1" 304 0
INFO 2018-08-18 21:25:30,008 basehttp 124 "GET /static/xadmin/vendor/bootstrap-image-gallery/js/bootstrap-image-gallery.js HTTP/1.1" 304 0
INFO 2018-08-18 21:25:30,009 basehttp 124 "GET /static/xadmin/vendor/selectize/selectize.css HTTP/1.1" 304 0
INFO 2018-08-18 21:25:30,036 basehttp 124 "GET /static/xadmin/vendor/bootstrap-datepicker/js/bootstrap-datepicker.js HTTP/1.1" 304 0
INFO 2018-08-18 21:25:30,036 basehttp 124 "GET /static/xadmin/js/xadmin.widget.datetime.js HTTP/1.1" 304 0
INFO 2018-08-18 21:25:30,041 basehttp 124 "GET /static/xadmin/vendor/selectize/selectize.js HTTP/1.1" 304 0
INFO 2018-08-18 21:25:30,044 basehttp 124 "GET /static/xadmin/vendor/bootstrap-clockpicker/bootstrap-clockpicker.js HTTP/1.1" 304 0
INFO 2018-08-18 21:25:30,061 basehttp 124 "GET /static/xadmin/vendor/select2/select2_locale_zh-hans.js HTTP/1.1" 304 0
INFO 2018-08-18 21:25:30,066 basehttp 124 "GET /static/xadmin/js/xadmin.widget.select.js HTTP/1.1" 304 0
INFO 2018-08-18 21:25:30,068 basehttp 124 "GET /static/xadmin/js/xadmin.plugin.quick-form.js HTTP/1.1" 304 0
INFO 2018-08-18 21:25:30,070 basehttp 124 "GET /static/xadmin/vendor/select2/select2.js HTTP/1.1" 304 0
INFO 2018-08-18 21:25:39,111 basehttp 124 "GET /xadmin/user/user/?&_q_=s&_cols=id.__str__ HTTP/1.1" 200 130
INFO 2018-08-18 21:25:43,336 basehttp 124 "GET /xadmin/blog/category/add/ HTTP/1.1" 200 1592
INFO 2018-08-18 21:25:50,973 basehttp 124 "POST /xadmin/blog/category/add/ HTTP/1.1" 200 154
INFO 2018-08-18 21:25:51,153 basehttp 124 "GET /xadmin/blog/article/add/?_field=category&category=1 HTTP/1.1" 200 2357
INFO 2018-08-18 21:26:04,167 basehttp 124 "POST /xadmin/blog/article/add/ HTTP/1.1" 302 0
INFO 2018-08-18 21:26:04,333 basehttp 124 "GET /xadmin/blog/article/ HTTP/1.1" 200 37093
INFO 2018-08-18 21:26:04,400 basehttp 124 "GET /xadmin/jsi18n/ HTTP/1.1" 200 4753
INFO 2018-08-18 21:26:06,227 basehttp 124 "GET /xadmin/blog/article/add/ HTTP/1.1" 200 29966
INFO 2018-08-18 21:26:06,316 basehttp 124 "GET /xadmin/jsi18n/ HTTP/1.1" 200 4753
INFO 2018-08-18 21:26:13,310 basehttp 124 "GET /xadmin/user/user/?&_q_=s&_cols=id.__str__ HTTP/1.1" 200 130
INFO 2018-08-18 21:26:30,356 basehttp 124 "POST /xadmin/blog/article/add/ HTTP/1.1" 302 0
INFO 2018-08-18 21:26:30,638 basehttp 124 "GET /xadmin/blog/article/add/ HTTP/1.1" 200 30307
INFO 2018-08-18 21:26:30,724 basehttp 124 "GET /xadmin/jsi18n/ HTTP/1.1" 200 4753
INFO 2018-08-18 21:26:38,141 basehttp 124 "GET /xadmin/user/user/?&_q_=s&_cols=id.__str__ HTTP/1.1" 200 130
INFO 2018-08-18 21:26:49,362 basehttp 124 "POST /xadmin/blog/article/add/ HTTP/1.1" 302 0
INFO 2018-08-18 21:26:49,657 basehttp 124 "GET /xadmin/blog/article/add/ HTTP/1.1" 200 30304
INFO 2018-08-18 21:26:49,731 basehttp 124 "GET /xadmin/jsi18n/ HTTP/1.1" 200 4753
INFO 2018-08-18 21:26:51,862 basehttp 124 "GET /xadmin/blog/article/ HTTP/1.1" 200 40949
INFO 2018-08-18 21:26:51,914 basehttp 124 "GET /xadmin/jsi18n/ HTTP/1.1" 200 4753
INFO 2018-08-18 21:26:55,030 basehttp 124 "GET /xadmin/blog/category/1/detail/?_format=html HTTP/1.1" 200 706
INFO 2018-08-18 21:27:10,274 basehttp 124 "GET /xadmin/blog/article/?_cols=id.title.author.category.views.created_time.modified_time HTTP/1.1" 200 45010
INFO 2018-08-18 21:27:10,327 basehttp 124 "GET /xadmin/jsi18n/ HTTP/1.1" 200 4753
INFO 2018-08-18 21:27:13,487 basehttp 124 "GET /xadmin/blog/article/?_cols=id.title.author.category.views.created_time HTTP/1.1" 200 43372
INFO 2018-08-18 21:27:13,540 basehttp 124 "GET /xadmin/jsi18n/ HTTP/1.1" 200 4753
INFO 2018-08-18 21:27:18,433 basehttp 124 "GET /xadmin/blog/article/?_cols=id.title.author.category.views.created_time.is_show HTTP/1.1" 200 44833
INFO 2018-08-18 21:27:18,501 basehttp 124 "GET /xadmin/jsi18n/ HTTP/1.1" 200 4753
INFO 2018-08-18 21:27:20,659 basehttp 124 "GET /xadmin/blog/article/?_cols=id.title.author.category.views.created_time HTTP/1.1" 200 43372
INFO 2018-08-18 21:27:20,704 basehttp 124 "GET /xadmin/jsi18n/ HTTP/1.1" 200 4753
INFO 2018-08-18 21:27:35,192 basehttp 124 "GET /xadmin/blog/article/1/update/ HTTP/1.1" 200 30345
INFO 2018-08-18 21:27:35,265 basehttp 124 "GET /xadmin/jsi18n/ HTTP/1.1" 200 4753
INFO 2018-08-18 21:27:40,556 basehttp 124 "GET /xadmin/blog/tag/add/ HTTP/1.1" 200 1582
INFO 2018-08-18 21:27:45,498 basehttp 124 "POST /xadmin/blog/tag/add/ HTTP/1.1" 200 144
INFO 2018-08-18 21:27:45,647 basehttp 124 "GET /xadmin/blog/article/add/?_field=tags&tags=1, HTTP/1.1" 200 1563
INFO 2018-08-18 21:27:48,178 basehttp 124 "POST /xadmin/blog/article/1/update/ HTTP/1.1" 302 0
INFO 2018-08-18 21:27:48,320 basehttp 124 "GET /xadmin/blog/article/?_cols=id.title.author.category.views.created_time HTTP/1.1" 200 43603
INFO 2018-08-18 21:27:48,379 basehttp 124 "GET /xadmin/jsi18n/ HTTP/1.1" 200 4753
INFO 2018-08-18 21:28:16,040 basehttp 124 "GET /xadmin/blog/article/? HTTP/1.1" 200 40949
INFO 2018-08-18 21:28:16,093 basehttp 124 "GET /xadmin/jsi18n/ HTTP/1.1" 200 4753
INFO 2018-08-18 21:28:21,392 basehttp 124 "GET /xadmin/blog/article/3/update/ HTTP/1.1" 200 30368
INFO 2018-08-18 21:28:21,467 basehttp 124 "GET /xadmin/jsi18n/ HTTP/1.1" 200 4753
INFO 2018-08-18 21:28:25,509 basehttp 124 "POST /xadmin/blog/article/3/update/ HTTP/1.1" 302 0
INFO 2018-08-18 21:28:25,710 basehttp 124 "GET /xadmin/blog/article/? HTTP/1.1" 200 41178
INFO 2018-08-18 21:28:25,744 basehttp 124 "GET /xadmin/jsi18n/ HTTP/1.1" 200 4753
INFO 2018-08-18 21:28:28,944 basehttp 124 "GET /xadmin/blog/article/2/update/ HTTP/1.1" 200 30602
INFO 2018-08-18 21:28:28,988 basehttp 124 "GET /xadmin/jsi18n/ HTTP/1.1" 200 4753
INFO 2018-08-18 21:28:29,001 basehttp 124 "GET /static/images/upload/askdhfkahsdfh_uI41Xj7.png HTTP/1.1" 200 52043
INFO 2018-08-18 21:28:32,491 basehttp 124 "POST /xadmin/blog/article/2/update/ HTTP/1.1" 302 0
INFO 2018-08-18 21:28:32,636 basehttp 124 "GET /xadmin/blog/article/? HTTP/1.1" 200 41181
INFO 2018-08-18 21:28:32,686 basehttp 124 "GET /xadmin/jsi18n/ HTTP/1.1" 200 4753
INFO 2018-08-18 21:28:35,036 basehttp 124 "GET /xadmin/blog/article/1/update/ HTTP/1.1" 200 30389
INFO 2018-08-18 21:28:35,105 basehttp 124 "GET /xadmin/jsi18n/ HTTP/1.1" 200 4753
INFO 2018-08-18 21:28:37,678 basehttp 124 "POST /xadmin/blog/article/1/update/ HTTP/1.1" 302 0
INFO 2018-08-18 21:28:37,865 basehttp 124 "GET /xadmin/blog/article/? HTTP/1.1" 200 41180
INFO 2018-08-18 21:28:37,927 basehttp 124 "GET /xadmin/jsi18n/ HTTP/1.1" 200 4753
INFO 2018-08-18 21:28:40,542 basehttp 124 "GET / HTTP/1.1" 200 10227
INFO 2018-08-18 21:28:40,641 basehttp 124 "GET /static/images/upload/default_image.png HTTP/1.1" 304 0
INFO 2018-08-18 21:28:47,569 basehttp 124 "GET /article/tag/1 HTTP/1.1" 200 8983
INFO 2018-08-18 21:28:47,588 basehttp 124 "GET /static/images/upload/askdhfkahsdfh_uI41Xj7.png HTTP/1.1" 304 0
INFO 2018-08-18 21:29:33,861 basehttp 124 "GET /article/tag/1 HTTP/1.1" 200 7156
INFO 2018-08-18 21:29:33,902 basehttp 124 "GET /static/images/upload/askdhfkahsdfh_uI41Xj7.png HTTP/1.1" 304 0
INFO 2018-08-18 21:29:38,217 basehttp 124 "GET /article/2 HTTP/1.1" 200 7338
INFO 2018-08-18 21:29:39,718 basehttp 124 "GET / HTTP/1.1" 200 8935
INFO 2018-08-18 21:29:42,274 basehttp 124 "GET /article/3 HTTP/1.1" 200 8299
INFO 2018-08-18 21:29:43,602 basehttp 124 "GET / HTTP/1.1" 200 9785
INFO 2018-08-18 21:29:45,586 basehttp 124 "GET /article/1 HTTP/1.1" 200 8263
INFO 2018-08-18 21:29:46,858 basehttp 124 "GET / HTTP/1.1" 200 9711
INFO 2018-08-18 21:29:48,223 basehttp 124 "GET / HTTP/1.1" 200 10671
INFO 2018-08-18 21:29:51,689 basehttp 124 "GET /article/blog HTTP/1.1" 200 6236
INFO 2018-08-18 21:29:51,709 basehttp 124 "GET /static/images/upload/askdhfkahsdfh_uI41Xj7.png HTTP/1.1" 304 0
INFO 2018-08-18 21:29:51,936 basehttp 124 "GET /article/blogdata?page=1 HTTP/1.1" 200 760
INFO 2018-08-18 21:29:54,514 basehttp 124 "GET /article/archives HTTP/1.1" 200 7082
INFO 2018-08-18 21:29:56,537 basehttp 124 "GET /article/tag/1 HTTP/1.1" 200 8981
INFO 2018-08-18 21:29:59,698 basehttp 124 "GET /article/tag/1 HTTP/1.1" 200 8483
INFO 2018-08-18 21:30:03,299 basehttp 124 "GET /article/blog HTTP/1.1" 200 6162
INFO 2018-08-18 21:30:03,533 basehttp 124 "GET /article/blogdata?page=1 HTTP/1.1" 200 760
INFO 2018-08-18 21:30:04,212 basehttp 124 "GET /article/archives HTTP/1.1" 200 7106
INFO 2018-08-18 21:30:05,249 basehttp 124 "GET /article/blog HTTP/1.1" 200 6018
INFO 2018-08-18 21:30:05,464 basehttp 124 "GET /article/blogdata?page=1 HTTP/1.1" 200 760
INFO 2018-08-18 21:30:08,346 basehttp 124 "GET /about HTTP/1.1" 200 7271
ERROR 2018-08-18 21:55:37,304 exception 135 Internal Server Error: /xadmin/user/user/add/
Traceback (most recent call last):
  File "/home/spirit/.virtualenvs/blog/lib/python3.6/site-packages/django/db/backends/utils.py", line 64, in execute
    return self.cursor.execute(sql, params)
  File "/home/spirit/.virtualenvs/blog/lib/python3.6/site-packages/django/db/backends/mysql/base.py", line 101, in execute
    return self.cursor.execute(query, args)
  File "/home/spirit/.virtualenvs/blog/lib/python3.6/site-packages/pymysql/cursors.py", line 170, in execute
    result = self._query(query)
  File "/home/spirit/.virtualenvs/blog/lib/python3.6/site-packages/pymysql/cursors.py", line 328, in _query
    conn.query(q)
  File "/home/spirit/.virtualenvs/blog/lib/python3.6/site-packages/pymysql/connections.py", line 516, in query
    self._affected_rows = self._read_query_result(unbuffered=unbuffered)
  File "/home/spirit/.virtualenvs/blog/lib/python3.6/site-packages/pymysql/connections.py", line 727, in _read_query_result
    result.read()
  File "/home/spirit/.virtualenvs/blog/lib/python3.6/site-packages/pymysql/connections.py", line 1066, in read
    first_packet = self.connection._read_packet()
  File "/home/spirit/.virtualenvs/blog/lib/python3.6/site-packages/pymysql/connections.py", line 683, in _read_packet
    packet.check_error()
  File "/home/spirit/.virtualenvs/blog/lib/python3.6/site-packages/pymysql/protocol.py", line 220, in check_error
    err.raise_mysql_exception(self._data)
  File "/home/spirit/.virtualenvs/blog/lib/python3.6/site-packages/pymysql/err.py", line 109, in raise_mysql_exception
    raise errorclass(errno, errval)
pymysql.err.IntegrityError: (1062, "Duplicate entry '' for key 'mobile'")

The above exception was the direct cause of the following exception:

Traceback (most recent call last):
  File "/home/spirit/.virtualenvs/blog/lib/python3.6/site-packages/django/core/handlers/exception.py", line 41, in inner
    response = get_response(request)
  File "/home/spirit/.virtualenvs/blog/lib/python3.6/site-packages/django/core/handlers/base.py", line 187, in _get_response
    response = self.process_exception_by_middleware(e, request)
  File "/home/spirit/.virtualenvs/blog/lib/python3.6/site-packages/django/core/handlers/base.py", line 185, in _get_response
    response = wrapped_callback(request, *callback_args, **callback_kwargs)
  File "/home/spirit/.virtualenvs/blog/lib/python3.6/site-packages/xadmin/sites.py", line 300, in wrapper
    return self.admin_view(view, cacheable)(*args, **kwargs)
  File "/home/spirit/.virtualenvs/blog/lib/python3.6/site-packages/django/views/decorators/cache.py", line 57, in _wrapped_view_func
    response = view_func(request, *args, **kwargs)
  File "/home/spirit/.virtualenvs/blog/lib/python3.6/site-packages/xadmin/sites.py", line 208, in inner
    return view(request, *args, **kwargs)
  File "/home/spirit/.virtualenvs/blog/lib/python3.6/site-packages/xadmin/views/base.py", line 279, in view
    return handler(request, *args, **kwargs)
  File "/home/spirit/.virtualenvs/blog/lib/python3.6/site-packages/django/utils/decorators.py", line 67, in _wrapper
    return bound_func(*args, **kwargs)
  File "/home/spirit/.virtualenvs/blog/lib/python3.6/site-packages/django/utils/decorators.py", line 149, in _wrapped_view
    response = view_func(request, *args, **kwargs)
  File "/home/spirit/.virtualenvs/blog/lib/python3.6/site-packages/django/utils/decorators.py", line 63, in bound_func
    return func.__get__(self, type(self))(*args2, **kwargs2)
  File "/usr/lib/python3.6/contextlib.py", line 52, in inner
    return func(*args, **kwds)
  File "/home/spirit/.virtualenvs/blog/lib/python3.6/site-packages/xadmin/views/base.py", line 78, in method
    return filter_chain(filters, len(filters) - 1, _inner_method, *args, **kwargs)
  File "/home/spirit/.virtualenvs/blog/lib/python3.6/site-packages/xadmin/views/base.py", line 47, in filter_chain
    return func()
  File "/home/spirit/.virtualenvs/blog/lib/python3.6/site-packages/xadmin/views/base.py", line 72, in _inner_method
    return func(self, *args, **kwargs)
  File "/home/spirit/.virtualenvs/blog/lib/python3.6/site-packages/xadmin/views/edit.py", line 292, in post
    self.save_models()
  File "/home/spirit/.virtualenvs/blog/lib/python3.6/site-packages/xadmin/views/base.py", line 78, in method
    return filter_chain(filters, len(filters) - 1, _inner_method, *args, **kwargs)
  File "/home/spirit/.virtualenvs/blog/lib/python3.6/site-packages/xadmin/views/base.py", line 47, in filter_chain
    return func()
  File "/home/spirit/.virtualenvs/blog/lib/python3.6/site-packages/xadmin/views/base.py", line 72, in _inner_method
    return func(self, *args, **kwargs)
  File "/home/spirit/.virtualenvs/blog/lib/python3.6/site-packages/xadmin/views/edit.py", line 267, in save_models
    self.new_obj.save()
  File "/home/spirit/.virtualenvs/blog/lib/python3.6/site-packages/django/contrib/auth/base_user.py", line 80, in save
    super(AbstractBaseUser, self).save(*args, **kwargs)
  File "/home/spirit/.virtualenvs/blog/lib/python3.6/site-packages/django/db/models/base.py", line 808, in save
    force_update=force_update, update_fields=update_fields)
  File "/home/spirit/.virtualenvs/blog/lib/python3.6/site-packages/django/db/models/base.py", line 838, in save_base
    updated = self._save_table(raw, cls, force_insert, force_update, using, update_fields)
  File "/home/spirit/.virtualenvs/blog/lib/python3.6/site-packages/django/db/models/base.py", line 924, in _save_table
    result = self._do_insert(cls._base_manager, using, fields, update_pk, raw)
  File "/home/spirit/.virtualenvs/blog/lib/python3.6/site-packages/django/db/models/base.py", line 963, in _do_insert
    using=using, raw=raw)
  File "/home/spirit/.virtualenvs/blog/lib/python3.6/site-packages/django/db/models/manager.py", line 85, in manager_method
    return getattr(self.get_queryset(), name)(*args, **kwargs)
  File "/home/spirit/.virtualenvs/blog/lib/python3.6/site-packages/django/db/models/query.py", line 1076, in _insert
    return query.get_compiler(using=using).execute_sql(return_id)
  File "/home/spirit/.virtualenvs/blog/lib/python3.6/site-packages/django/db/models/sql/compiler.py", line 1112, in execute_sql
    cursor.execute(sql, params)
  File "/home/spirit/.virtualenvs/blog/lib/python3.6/site-packages/django/db/backends/utils.py", line 64, in execute
    return self.cursor.execute(sql, params)
  File "/home/spirit/.virtualenvs/blog/lib/python3.6/site-packages/django/db/utils.py", line 94, in __exit__
    six.reraise(dj_exc_type, dj_exc_value, traceback)
  File "/home/spirit/.virtualenvs/blog/lib/python3.6/site-packages/django/utils/six.py", line 685, in reraise
    raise value.with_traceback(tb)
  File "/home/spirit/.virtualenvs/blog/lib/python3.6/site-packages/django/db/backends/utils.py", line 64, in execute
    return self.cursor.execute(sql, params)
  File "/home/spirit/.virtualenvs/blog/lib/python3.6/site-packages/django/db/backends/mysql/base.py", line 101, in execute
    return self.cursor.execute(query, args)
  File "/home/spirit/.virtualenvs/blog/lib/python3.6/site-packages/pymysql/cursors.py", line 170, in execute
    result = self._query(query)
  File "/home/spirit/.virtualenvs/blog/lib/python3.6/site-packages/pymysql/cursors.py", line 328, in _query
    conn.query(q)
  File "/home/spirit/.virtualenvs/blog/lib/python3.6/site-packages/pymysql/connections.py", line 516, in query
    self._affected_rows = self._read_query_result(unbuffered=unbuffered)
  File "/home/spirit/.virtualenvs/blog/lib/python3.6/site-packages/pymysql/connections.py", line 727, in _read_query_result
    result.read()
  File "/home/spirit/.virtualenvs/blog/lib/python3.6/site-packages/pymysql/connections.py", line 1066, in read
    first_packet = self.connection._read_packet()
  File "/home/spirit/.virtualenvs/blog/lib/python3.6/site-packages/pymysql/connections.py", line 683, in _read_packet
    packet.check_error()
  File "/home/spirit/.virtualenvs/blog/lib/python3.6/site-packages/pymysql/protocol.py", line 220, in check_error
    err.raise_mysql_exception(self._data)
  File "/home/spirit/.virtualenvs/blog/lib/python3.6/site-packages/pymysql/err.py", line 109, in raise_mysql_exception
    raise errorclass(errno, errval)
django.db.utils.IntegrityError: (1062, "Duplicate entry '' for key 'mobile'")
ERROR 2018-08-18 21:55:37,335 basehttp 124 "POST /xadmin/user/user/add/ HTTP/1.1" 500 27
ERROR 2018-08-18 21:56:36,451 exception 135 Internal Server Error: /xadmin/user/user/add/
Traceback (most recent call last):
  File "/home/spirit/.virtualenvs/blog/lib/python3.6/site-packages/django/db/backends/utils.py", line 64, in execute
    return self.cursor.execute(sql, params)
  File "/home/spirit/.virtualenvs/blog/lib/python3.6/site-packages/django/db/backends/mysql/base.py", line 101, in execute
    return self.cursor.execute(query, args)
  File "/home/spirit/.virtualenvs/blog/lib/python3.6/site-packages/pymysql/cursors.py", line 170, in execute
    result = self._query(query)
  File "/home/spirit/.virtualenvs/blog/lib/python3.6/site-packages/pymysql/cursors.py", line 328, in _query
    conn.query(q)
  File "/home/spirit/.virtualenvs/blog/lib/python3.6/site-packages/pymysql/connections.py", line 516, in query
    self._affected_rows = self._read_query_result(unbuffered=unbuffered)
  File "/home/spirit/.virtualenvs/blog/lib/python3.6/site-packages/pymysql/connections.py", line 727, in _read_query_result
    result.read()
  File "/home/spirit/.virtualenvs/blog/lib/python3.6/site-packages/pymysql/connections.py", line 1066, in read
    first_packet = self.connection._read_packet()
  File "/home/spirit/.virtualenvs/blog/lib/python3.6/site-packages/pymysql/connections.py", line 683, in _read_packet
    packet.check_error()
  File "/home/spirit/.virtualenvs/blog/lib/python3.6/site-packages/pymysql/protocol.py", line 220, in check_error
    err.raise_mysql_exception(self._data)
  File "/home/spirit/.virtualenvs/blog/lib/python3.6/site-packages/pymysql/err.py", line 109, in raise_mysql_exception
    raise errorclass(errno, errval)
pymysql.err.IntegrityError: (1062, "Duplicate entry '' for key 'mobile'")

The above exception was the direct cause of the following exception:

Traceback (most recent call last):
  File "/home/spirit/.virtualenvs/blog/lib/python3.6/site-packages/django/core/handlers/exception.py", line 41, in inner
    response = get_response(request)
  File "/home/spirit/.virtualenvs/blog/lib/python3.6/site-packages/django/core/handlers/base.py", line 187, in _get_response
    response = self.process_exception_by_middleware(e, request)
  File "/home/spirit/.virtualenvs/blog/lib/python3.6/site-packages/django/core/handlers/base.py", line 185, in _get_response
    response = wrapped_callback(request, *callback_args, **callback_kwargs)
  File "/home/spirit/.virtualenvs/blog/lib/python3.6/site-packages/xadmin/sites.py", line 300, in wrapper
    return self.admin_view(view, cacheable)(*args, **kwargs)
  File "/home/spirit/.virtualenvs/blog/lib/python3.6/site-packages/django/views/decorators/cache.py", line 57, in _wrapped_view_func
    response = view_func(request, *args, **kwargs)
  File "/home/spirit/.virtualenvs/blog/lib/python3.6/site-packages/xadmin/sites.py", line 208, in inner
    return view(request, *args, **kwargs)
  File "/home/spirit/.virtualenvs/blog/lib/python3.6/site-packages/xadmin/views/base.py", line 279, in view
    return handler(request, *args, **kwargs)
  File "/home/spirit/.virtualenvs/blog/lib/python3.6/site-packages/django/utils/decorators.py", line 67, in _wrapper
    return bound_func(*args, **kwargs)
  File "/home/spirit/.virtualenvs/blog/lib/python3.6/site-packages/django/utils/decorators.py", line 149, in _wrapped_view
    response = view_func(request, *args, **kwargs)
  File "/home/spirit/.virtualenvs/blog/lib/python3.6/site-packages/django/utils/decorators.py", line 63, in bound_func
    return func.__get__(self, type(self))(*args2, **kwargs2)
  File "/usr/lib/python3.6/contextlib.py", line 52, in inner
    return func(*args, **kwds)
  File "/home/spirit/.virtualenvs/blog/lib/python3.6/site-packages/xadmin/views/base.py", line 78, in method
    return filter_chain(filters, len(filters) - 1, _inner_method, *args, **kwargs)
  File "/home/spirit/.virtualenvs/blog/lib/python3.6/site-packages/xadmin/views/base.py", line 47, in filter_chain
    return func()
  File "/home/spirit/.virtualenvs/blog/lib/python3.6/site-packages/xadmin/views/base.py", line 72, in _inner_method
    return func(self, *args, **kwargs)
  File "/home/spirit/.virtualenvs/blog/lib/python3.6/site-packages/xadmin/views/edit.py", line 292, in post
    self.save_models()
  File "/home/spirit/.virtualenvs/blog/lib/python3.6/site-packages/xadmin/views/base.py", line 78, in method
    return filter_chain(filters, len(filters) - 1, _inner_method, *args, **kwargs)
  File "/home/spirit/.virtualenvs/blog/lib/python3.6/site-packages/xadmin/views/base.py", line 47, in filter_chain
    return func()
  File "/home/spirit/.virtualenvs/blog/lib/python3.6/site-packages/xadmin/views/base.py", line 72, in _inner_method
    return func(self, *args, **kwargs)
  File "/home/spirit/.virtualenvs/blog/lib/python3.6/site-packages/xadmin/views/edit.py", line 267, in save_models
    self.new_obj.save()
  File "/home/spirit/.virtualenvs/blog/lib/python3.6/site-packages/django/contrib/auth/base_user.py", line 80, in save
    super(AbstractBaseUser, self).save(*args, **kwargs)
  File "/home/spirit/.virtualenvs/blog/lib/python3.6/site-packages/django/db/models/base.py", line 808, in save
    force_update=force_update, update_fields=update_fields)
  File "/home/spirit/.virtualenvs/blog/lib/python3.6/site-packages/django/db/models/base.py", line 838, in save_base
    updated = self._save_table(raw, cls, force_insert, force_update, using, update_fields)
  File "/home/spirit/.virtualenvs/blog/lib/python3.6/site-packages/django/db/models/base.py", line 924, in _save_table
    result = self._do_insert(cls._base_manager, using, fields, update_pk, raw)
  File "/home/spirit/.virtualenvs/blog/lib/python3.6/site-packages/django/db/models/base.py", line 963, in _do_insert
    using=using, raw=raw)
  File "/home/spirit/.virtualenvs/blog/lib/python3.6/site-packages/django/db/models/manager.py", line 85, in manager_method
    return getattr(self.get_queryset(), name)(*args, **kwargs)
  File "/home/spirit/.virtualenvs/blog/lib/python3.6/site-packages/django/db/models/query.py", line 1076, in _insert
    return query.get_compiler(using=using).execute_sql(return_id)
  File "/home/spirit/.virtualenvs/blog/lib/python3.6/site-packages/django/db/models/sql/compiler.py", line 1112, in execute_sql
    cursor.execute(sql, params)
  File "/home/spirit/.virtualenvs/blog/lib/python3.6/site-packages/django/db/backends/utils.py", line 64, in execute
    return self.cursor.execute(sql, params)
  File "/home/spirit/.virtualenvs/blog/lib/python3.6/site-packages/django/db/utils.py", line 94, in __exit__
    six.reraise(dj_exc_type, dj_exc_value, traceback)
  File "/home/spirit/.virtualenvs/blog/lib/python3.6/site-packages/django/utils/six.py", line 685, in reraise
    raise value.with_traceback(tb)
  File "/home/spirit/.virtualenvs/blog/lib/python3.6/site-packages/django/db/backends/utils.py", line 64, in execute
    return self.cursor.execute(sql, params)
  File "/home/spirit/.virtualenvs/blog/lib/python3.6/site-packages/django/db/backends/mysql/base.py", line 101, in execute
    return self.cursor.execute(query, args)
  File "/home/spirit/.virtualenvs/blog/lib/python3.6/site-packages/pymysql/cursors.py", line 170, in execute
    result = self._query(query)
  File "/home/spirit/.virtualenvs/blog/lib/python3.6/site-packages/pymysql/cursors.py", line 328, in _query
    conn.query(q)
  File "/home/spirit/.virtualenvs/blog/lib/python3.6/site-packages/pymysql/connections.py", line 516, in query
    self._affected_rows = self._read_query_result(unbuffered=unbuffered)
  File "/home/spirit/.virtualenvs/blog/lib/python3.6/site-packages/pymysql/connections.py", line 727, in _read_query_result
    result.read()
  File "/home/spirit/.virtualenvs/blog/lib/python3.6/site-packages/pymysql/connections.py", line 1066, in read
    first_packet = self.connection._read_packet()
  File "/home/spirit/.virtualenvs/blog/lib/python3.6/site-packages/pymysql/connections.py", line 683, in _read_packet
    packet.check_error()
  File "/home/spirit/.virtualenvs/blog/lib/python3.6/site-packages/pymysql/protocol.py", line 220, in check_error
    err.raise_mysql_exception(self._data)
  File "/home/spirit/.virtualenvs/blog/lib/python3.6/site-packages/pymysql/err.py", line 109, in raise_mysql_exception
    raise errorclass(errno, errval)
django.db.utils.IntegrityError: (1062, "Duplicate entry '' for key 'mobile'")
ERROR 2018-08-18 21:56:36,458 basehttp 124 "POST /xadmin/user/user/add/ HTTP/1.1" 500 27
ERROR 2018-08-18 21:59:14,971 exception 135 Internal Server Error: /axadmin/
Traceback (most recent call last):
  File "/home/spirit/.virtualenvs/blog/lib/python3.6/site-packages/django_redis/cache.py", line 32, in _decorator
    return method(self, *args, **kwargs)
  File "/home/spirit/.virtualenvs/blog/lib/python3.6/site-packages/django_redis/cache.py", line 124, in has_key
    return self.client.has_key(*args, **kwargs)
  File "/home/spirit/.virtualenvs/blog/lib/python3.6/site-packages/django_redis/client/default.py", line 477, in has_key
    raise ConnectionInterrupted(connection=client, parent=e)
django_redis.exceptions.ConnectionInterrupted: Redis ConnectionError: Error 111 connecting to 127.0.0.1:6379. Connection refused.

During handling of the above exception, another exception occurred:

Traceback (most recent call last):
  File "/home/spirit/.virtualenvs/blog/lib/python3.6/site-packages/django/core/handlers/exception.py", line 41, in inner
    response = get_response(request)
  File "/home/spirit/.virtualenvs/blog/lib/python3.6/site-packages/django/core/handlers/base.py", line 187, in _get_response
    response = self.process_exception_by_middleware(e, request)
  File "/home/spirit/.virtualenvs/blog/lib/python3.6/site-packages/django/core/handlers/base.py", line 185, in _get_response
    response = wrapped_callback(request, *callback_args, **callback_kwargs)
  File "/home/spirit/.virtualenvs/blog/lib/python3.6/site-packages/xadmin/sites.py", line 300, in wrapper
    return self.admin_view(view, cacheable)(*args, **kwargs)
  File "/home/spirit/.virtualenvs/blog/lib/python3.6/site-packages/django/views/decorators/cache.py", line 57, in _wrapped_view_func
    response = view_func(request, *args, **kwargs)
  File "/home/spirit/.virtualenvs/blog/lib/python3.6/site-packages/xadmin/sites.py", line 207, in inner
    return self.create_admin_view(self.login_view)(request, *args, **kwargs)
  File "/home/spirit/.virtualenvs/blog/lib/python3.6/site-packages/xadmin/views/base.py", line 279, in view
    return handler(request, *args, **kwargs)
  File "/home/spirit/.virtualenvs/blog/lib/python3.6/site-packages/django/views/decorators/cache.py", line 57, in _wrapped_view_func
    response = view_func(request, *args, **kwargs)
  File "/home/spirit/.virtualenvs/blog/lib/python3.6/site-packages/xadmin/views/website.py", line 70, in post
    return self.get(request)
  File "/home/spirit/.virtualenvs/blog/lib/python3.6/site-packages/django/views/decorators/cache.py", line 57, in _wrapped_view_func
    response = view_func(request, *args, **kwargs)
  File "/home/spirit/.virtualenvs/blog/lib/python3.6/site-packages/xadmin/views/website.py", line 66, in get
    return login(request, **defaults)
  File "/home/spirit/.virtualenvs/blog/lib/python3.6/site-packages/django/contrib/auth/views.py", line 54, in inner
    return func(*args, **kwargs)
  File "/home/spirit/.virtualenvs/blog/lib/python3.6/site-packages/django/contrib/auth/views.py", line 150, in login
    )(request)
  File "/home/spirit/.virtualenvs/blog/lib/python3.6/site-packages/django/views/generic/base.py", line 68, in view
    return self.dispatch(request, *args, **kwargs)
  File "/home/spirit/.virtualenvs/blog/lib/python3.6/site-packages/django/utils/decorators.py", line 67, in _wrapper
    return bound_func(*args, **kwargs)
  File "/home/spirit/.virtualenvs/blog/lib/python3.6/site-packages/django/views/decorators/debug.py", line 76, in sensitive_post_parameters_wrapper
    return view(request, *args, **kwargs)
  File "/home/spirit/.virtualenvs/blog/lib/python3.6/site-packages/django/utils/decorators.py", line 63, in bound_func
    return func.__get__(self, type(self))(*args2, **kwargs2)
  File "/home/spirit/.virtualenvs/blog/lib/python3.6/site-packages/django/utils/decorators.py", line 67, in _wrapper
    return bound_func(*args, **kwargs)
  File "/home/spirit/.virtualenvs/blog/lib/python3.6/site-packages/django/utils/decorators.py", line 149, in _wrapped_view
    response = view_func(request, *args, **kwargs)
  File "/home/spirit/.virtualenvs/blog/lib/python3.6/site-packages/django/utils/decorators.py", line 63, in bound_func
    return func.__get__(self, type(self))(*args2, **kwargs2)
  File "/home/spirit/.virtualenvs/blog/lib/python3.6/site-packages/django/utils/decorators.py", line 67, in _wrapper
    return bound_func(*args, **kwargs)
  File "/home/spirit/.virtualenvs/blog/lib/python3.6/site-packages/django/views/decorators/cache.py", line 57, in _wrapped_view_func
    response = view_func(request, *args, **kwargs)
  File "/home/spirit/.virtualenvs/blog/lib/python3.6/site-packages/django/utils/decorators.py", line 63, in bound_func
    return func.__get__(self, type(self))(*args2, **kwargs2)
  File "/home/spirit/.virtualenvs/blog/lib/python3.6/site-packages/django/contrib/auth/views.py", line 90, in dispatch
    return super(LoginView, self).dispatch(request, *args, **kwargs)
  File "/home/spirit/.virtualenvs/blog/lib/python3.6/site-packages/django/views/generic/base.py", line 88, in dispatch
    return handler(request, *args, **kwargs)
  File "/home/spirit/.virtualenvs/blog/lib/python3.6/site-packages/django/views/generic/edit.py", line 183, in post
    return self.form_valid(form)
  File "/home/spirit/.virtualenvs/blog/lib/python3.6/site-packages/django/contrib/auth/views.py", line 119, in form_valid
    auth_login(self.request, form.get_user())
  File "/home/spirit/.virtualenvs/blog/lib/python3.6/site-packages/django/contrib/auth/__init__.py", line 140, in login
    request.session.cycle_key()
  File "/home/spirit/.virtualenvs/blog/lib/python3.6/site-packages/django/contrib/sessions/backends/base.py", line 311, in cycle_key
    self.create()
  File "/home/spirit/.virtualenvs/blog/lib/python3.6/site-packages/django/contrib/sessions/backends/cache.py", line 44, in create
    self._session_key = self._get_new_session_key()
  File "/home/spirit/.virtualenvs/blog/lib/python3.6/site-packages/django/contrib/sessions/backends/base.py", line 164, in _get_new_session_key
    if not self.exists(session_key):
  File "/home/spirit/.virtualenvs/blog/lib/python3.6/site-packages/django/contrib/sessions/backends/cache.py", line 71, in exists
    return session_key and (self.cache_key_prefix + session_key) in self._cache
  File "/home/spirit/.virtualenvs/blog/lib/python3.6/site-packages/django/core/cache/backends/base.py", line 203, in __contains__
    return self.has_key(key)
  File "/home/spirit/.virtualenvs/blog/lib/python3.6/site-packages/django_redis/cache.py", line 39, in _decorator
    raise e.parent
  File "/home/spirit/.virtualenvs/blog/lib/python3.6/site-packages/django_redis/client/default.py", line 475, in has_key
    return client.exists(key)
  File "/home/spirit/.virtualenvs/blog/lib/python3.6/site-packages/redis/client.py", line 951, in exists
    return self.execute_command('EXISTS', name)
  File "/home/spirit/.virtualenvs/blog/lib/python3.6/site-packages/redis/client.py", line 673, in execute_command
    connection.send_command(*args)
  File "/home/spirit/.virtualenvs/blog/lib/python3.6/site-packages/redis/connection.py", line 610, in send_command
    self.send_packed_command(self.pack_command(*args))
  File "/home/spirit/.virtualenvs/blog/lib/python3.6/site-packages/redis/connection.py", line 585, in send_packed_command
    self.connect()
  File "/home/spirit/.virtualenvs/blog/lib/python3.6/site-packages/redis/connection.py", line 489, in connect
    raise ConnectionError(self._error_message(e))
redis.exceptions.ConnectionError: Error 111 connecting to 127.0.0.1:6379. Connection refused.
ERROR 2018-08-18 21:59:14,990 basehttp 124 "POST /axadmin/ HTTP/1.1" 500 27
ERROR 2018-08-18 21:59:41,261 exception 135 Internal Server Error: /xadmin/
Traceback (most recent call last):
  File "/home/spirit/.virtualenvs/blog/lib/python3.6/site-packages/django_redis/cache.py", line 32, in _decorator
    return method(self, *args, **kwargs)
  File "/home/spirit/.virtualenvs/blog/lib/python3.6/site-packages/django_redis/cache.py", line 124, in has_key
    return self.client.has_key(*args, **kwargs)
  File "/home/spirit/.virtualenvs/blog/lib/python3.6/site-packages/django_redis/client/default.py", line 477, in has_key
    raise ConnectionInterrupted(connection=client, parent=e)
django_redis.exceptions.ConnectionInterrupted: Redis ConnectionError: Error 111 connecting to 127.0.0.1:6379. Connection refused.

During handling of the above exception, another exception occurred:

Traceback (most recent call last):
  File "/home/spirit/.virtualenvs/blog/lib/python3.6/site-packages/django/core/handlers/exception.py", line 41, in inner
    response = get_response(request)
  File "/home/spirit/.virtualenvs/blog/lib/python3.6/site-packages/django/core/handlers/base.py", line 187, in _get_response
    response = self.process_exception_by_middleware(e, request)
  File "/home/spirit/.virtualenvs/blog/lib/python3.6/site-packages/django/core/handlers/base.py", line 185, in _get_response
    response = wrapped_callback(request, *callback_args, **callback_kwargs)
  File "/home/spirit/.virtualenvs/blog/lib/python3.6/site-packages/xadmin/sites.py", line 300, in wrapper
    return self.admin_view(view, cacheable)(*args, **kwargs)
  File "/home/spirit/.virtualenvs/blog/lib/python3.6/site-packages/django/views/decorators/cache.py", line 57, in _wrapped_view_func
    response = view_func(request, *args, **kwargs)
  File "/home/spirit/.virtualenvs/blog/lib/python3.6/site-packages/xadmin/sites.py", line 207, in inner
    return self.create_admin_view(self.login_view)(request, *args, **kwargs)
  File "/home/spirit/.virtualenvs/blog/lib/python3.6/site-packages/xadmin/views/base.py", line 279, in view
    return handler(request, *args, **kwargs)
  File "/home/spirit/.virtualenvs/blog/lib/python3.6/site-packages/django/views/decorators/cache.py", line 57, in _wrapped_view_func
    response = view_func(request, *args, **kwargs)
  File "/home/spirit/.virtualenvs/blog/lib/python3.6/site-packages/xadmin/views/website.py", line 70, in post
    return self.get(request)
  File "/home/spirit/.virtualenvs/blog/lib/python3.6/site-packages/django/views/decorators/cache.py", line 57, in _wrapped_view_func
    response = view_func(request, *args, **kwargs)
  File "/home/spirit/.virtualenvs/blog/lib/python3.6/site-packages/xadmin/views/website.py", line 66, in get
    return login(request, **defaults)
  File "/home/spirit/.virtualenvs/blog/lib/python3.6/site-packages/django/contrib/auth/views.py", line 54, in inner
    return func(*args, **kwargs)
  File "/home/spirit/.virtualenvs/blog/lib/python3.6/site-packages/django/contrib/auth/views.py", line 150, in login
    )(request)
  File "/home/spirit/.virtualenvs/blog/lib/python3.6/site-packages/django/views/generic/base.py", line 68, in view
    return self.dispatch(request, *args, **kwargs)
  File "/home/spirit/.virtualenvs/blog/lib/python3.6/site-packages/django/utils/decorators.py", line 67, in _wrapper
    return bound_func(*args, **kwargs)
  File "/home/spirit/.virtualenvs/blog/lib/python3.6/site-packages/django/views/decorators/debug.py", line 76, in sensitive_post_parameters_wrapper
    return view(request, *args, **kwargs)
  File "/home/spirit/.virtualenvs/blog/lib/python3.6/site-packages/django/utils/decorators.py", line 63, in bound_func
    return func.__get__(self, type(self))(*args2, **kwargs2)
  File "/home/spirit/.virtualenvs/blog/lib/python3.6/site-packages/django/utils/decorators.py", line 67, in _wrapper
    return bound_func(*args, **kwargs)
  File "/home/spirit/.virtualenvs/blog/lib/python3.6/site-packages/django/utils/decorators.py", line 149, in _wrapped_view
    response = view_func(request, *args, **kwargs)
  File "/home/spirit/.virtualenvs/blog/lib/python3.6/site-packages/django/utils/decorators.py", line 63, in bound_func
    return func.__get__(self, type(self))(*args2, **kwargs2)
  File "/home/spirit/.virtualenvs/blog/lib/python3.6/site-packages/django/utils/decorators.py", line 67, in _wrapper
    return bound_func(*args, **kwargs)
  File "/home/spirit/.virtualenvs/blog/lib/python3.6/site-packages/django/views/decorators/cache.py", line 57, in _wrapped_view_func
    response = view_func(request, *args, **kwargs)
  File "/home/spirit/.virtualenvs/blog/lib/python3.6/site-packages/django/utils/decorators.py", line 63, in bound_func
    return func.__get__(self, type(self))(*args2, **kwargs2)
  File "/home/spirit/.virtualenvs/blog/lib/python3.6/site-packages/django/contrib/auth/views.py", line 90, in dispatch
    return super(LoginView, self).dispatch(request, *args, **kwargs)
  File "/home/spirit/.virtualenvs/blog/lib/python3.6/site-packages/django/views/generic/base.py", line 88, in dispatch
    return handler(request, *args, **kwargs)
  File "/home/spirit/.virtualenvs/blog/lib/python3.6/site-packages/django/views/generic/edit.py", line 183, in post
    return self.form_valid(form)
  File "/home/spirit/.virtualenvs/blog/lib/python3.6/site-packages/django/contrib/auth/views.py", line 119, in form_valid
    auth_login(self.request, form.get_user())
  File "/home/spirit/.virtualenvs/blog/lib/python3.6/site-packages/django/contrib/auth/__init__.py", line 140, in login
    request.session.cycle_key()
  File "/home/spirit/.virtualenvs/blog/lib/python3.6/site-packages/django/contrib/sessions/backends/base.py", line 311, in cycle_key
    self.create()
  File "/home/spirit/.virtualenvs/blog/lib/python3.6/site-packages/django/contrib/sessions/backends/cache.py", line 44, in create
    self._session_key = self._get_new_session_key()
  File "/home/spirit/.virtualenvs/blog/lib/python3.6/site-packages/django/contrib/sessions/backends/base.py", line 164, in _get_new_session_key
    if not self.exists(session_key):
  File "/home/spirit/.virtualenvs/blog/lib/python3.6/site-packages/django/contrib/sessions/backends/cache.py", line 71, in exists
    return session_key and (self.cache_key_prefix + session_key) in self._cache
  File "/home/spirit/.virtualenvs/blog/lib/python3.6/site-packages/django/core/cache/backends/base.py", line 203, in __contains__
    return self.has_key(key)
  File "/home/spirit/.virtualenvs/blog/lib/python3.6/site-packages/django_redis/cache.py", line 39, in _decorator
    raise e.parent
  File "/home/spirit/.virtualenvs/blog/lib/python3.6/site-packages/django_redis/client/default.py", line 475, in has_key
    return client.exists(key)
  File "/home/spirit/.virtualenvs/blog/lib/python3.6/site-packages/redis/client.py", line 951, in exists
    return self.execute_command('EXISTS', name)
  File "/home/spirit/.virtualenvs/blog/lib/python3.6/site-packages/redis/client.py", line 673, in execute_command
    connection.send_command(*args)
  File "/home/spirit/.virtualenvs/blog/lib/python3.6/site-packages/redis/connection.py", line 610, in send_command
    self.send_packed_command(self.pack_command(*args))
  File "/home/spirit/.virtualenvs/blog/lib/python3.6/site-packages/redis/connection.py", line 585, in send_packed_command
    self.connect()
  File "/home/spirit/.virtualenvs/blog/lib/python3.6/site-packages/redis/connection.py", line 489, in connect
    raise ConnectionError(self._error_message(e))
redis.exceptions.ConnectionError: Error 111 connecting to 127.0.0.1:6379. Connection refused.
ERROR 2018-08-18 21:59:41,262 basehttp 124 "POST /xadmin/ HTTP/1.1" 500 27
INFO 2018-08-18 22:00:14,506 basehttp 124 "GET /xadmin/ HTTP/1.1" 200 4366
INFO 2018-08-18 22:00:14,568 basehttp 124 "GET /xadmin/jsi18n/ HTTP/1.1" 200 4373
ERROR 2018-08-18 22:00:19,696 exception 135 Internal Server Error: /xadmin/
Traceback (most recent call last):
  File "/home/spirit/.virtualenvs/blog/lib/python3.6/site-packages/django_redis/cache.py", line 32, in _decorator
    return method(self, *args, **kwargs)
  File "/home/spirit/.virtualenvs/blog/lib/python3.6/site-packages/django_redis/cache.py", line 124, in has_key
    return self.client.has_key(*args, **kwargs)
  File "/home/spirit/.virtualenvs/blog/lib/python3.6/site-packages/django_redis/client/default.py", line 477, in has_key
    raise ConnectionInterrupted(connection=client, parent=e)
django_redis.exceptions.ConnectionInterrupted: Redis ConnectionError: Error 111 connecting to 127.0.0.1:6379. Connection refused.

During handling of the above exception, another exception occurred:

Traceback (most recent call last):
  File "/home/spirit/.virtualenvs/blog/lib/python3.6/site-packages/django/core/handlers/exception.py", line 41, in inner
    response = get_response(request)
  File "/home/spirit/.virtualenvs/blog/lib/python3.6/site-packages/django/core/handlers/base.py", line 187, in _get_response
    response = self.process_exception_by_middleware(e, request)
  File "/home/spirit/.virtualenvs/blog/lib/python3.6/site-packages/django/core/handlers/base.py", line 185, in _get_response
    response = wrapped_callback(request, *callback_args, **callback_kwargs)
  File "/home/spirit/.virtualenvs/blog/lib/python3.6/site-packages/xadmin/sites.py", line 300, in wrapper
    return self.admin_view(view, cacheable)(*args, **kwargs)
  File "/home/spirit/.virtualenvs/blog/lib/python3.6/site-packages/django/views/decorators/cache.py", line 57, in _wrapped_view_func
    response = view_func(request, *args, **kwargs)
  File "/home/spirit/.virtualenvs/blog/lib/python3.6/site-packages/xadmin/sites.py", line 207, in inner
    return self.create_admin_view(self.login_view)(request, *args, **kwargs)
  File "/home/spirit/.virtualenvs/blog/lib/python3.6/site-packages/xadmin/views/base.py", line 279, in view
    return handler(request, *args, **kwargs)
  File "/home/spirit/.virtualenvs/blog/lib/python3.6/site-packages/django/views/decorators/cache.py", line 57, in _wrapped_view_func
    response = view_func(request, *args, **kwargs)
  File "/home/spirit/.virtualenvs/blog/lib/python3.6/site-packages/xadmin/views/website.py", line 70, in post
    return self.get(request)
  File "/home/spirit/.virtualenvs/blog/lib/python3.6/site-packages/django/views/decorators/cache.py", line 57, in _wrapped_view_func
    response = view_func(request, *args, **kwargs)
  File "/home/spirit/.virtualenvs/blog/lib/python3.6/site-packages/xadmin/views/website.py", line 66, in get
    return login(request, **defaults)
  File "/home/spirit/.virtualenvs/blog/lib/python3.6/site-packages/django/contrib/auth/views.py", line 54, in inner
    return func(*args, **kwargs)
  File "/home/spirit/.virtualenvs/blog/lib/python3.6/site-packages/django/contrib/auth/views.py", line 150, in login
    )(request)
  File "/home/spirit/.virtualenvs/blog/lib/python3.6/site-packages/django/views/generic/base.py", line 68, in view
    return self.dispatch(request, *args, **kwargs)
  File "/home/spirit/.virtualenvs/blog/lib/python3.6/site-packages/django/utils/decorators.py", line 67, in _wrapper
    return bound_func(*args, **kwargs)
  File "/home/spirit/.virtualenvs/blog/lib/python3.6/site-packages/django/views/decorators/debug.py", line 76, in sensitive_post_parameters_wrapper
    return view(request, *args, **kwargs)
  File "/home/spirit/.virtualenvs/blog/lib/python3.6/site-packages/django/utils/decorators.py", line 63, in bound_func
    return func.__get__(self, type(self))(*args2, **kwargs2)
  File "/home/spirit/.virtualenvs/blog/lib/python3.6/site-packages/django/utils/decorators.py", line 67, in _wrapper
    return bound_func(*args, **kwargs)
  File "/home/spirit/.virtualenvs/blog/lib/python3.6/site-packages/django/utils/decorators.py", line 149, in _wrapped_view
    response = view_func(request, *args, **kwargs)
  File "/home/spirit/.virtualenvs/blog/lib/python3.6/site-packages/django/utils/decorators.py", line 63, in bound_func
    return func.__get__(self, type(self))(*args2, **kwargs2)
  File "/home/spirit/.virtualenvs/blog/lib/python3.6/site-packages/django/utils/decorators.py", line 67, in _wrapper
    return bound_func(*args, **kwargs)
  File "/home/spirit/.virtualenvs/blog/lib/python3.6/site-packages/django/views/decorators/cache.py", line 57, in _wrapped_view_func
    response = view_func(request, *args, **kwargs)
  File "/home/spirit/.virtualenvs/blog/lib/python3.6/site-packages/django/utils/decorators.py", line 63, in bound_func
    return func.__get__(self, type(self))(*args2, **kwargs2)
  File "/home/spirit/.virtualenvs/blog/lib/python3.6/site-packages/django/contrib/auth/views.py", line 90, in dispatch
    return super(LoginView, self).dispatch(request, *args, **kwargs)
  File "/home/spirit/.virtualenvs/blog/lib/python3.6/site-packages/django/views/generic/base.py", line 88, in dispatch
    return handler(request, *args, **kwargs)
  File "/home/spirit/.virtualenvs/blog/lib/python3.6/site-packages/django/views/generic/edit.py", line 183, in post
    return self.form_valid(form)
  File "/home/spirit/.virtualenvs/blog/lib/python3.6/site-packages/django/contrib/auth/views.py", line 119, in form_valid
    auth_login(self.request, form.get_user())
  File "/home/spirit/.virtualenvs/blog/lib/python3.6/site-packages/django/contrib/auth/__init__.py", line 140, in login
    request.session.cycle_key()
  File "/home/spirit/.virtualenvs/blog/lib/python3.6/site-packages/django/contrib/sessions/backends/base.py", line 311, in cycle_key
    self.create()
  File "/home/spirit/.virtualenvs/blog/lib/python3.6/site-packages/django/contrib/sessions/backends/cache.py", line 44, in create
    self._session_key = self._get_new_session_key()
  File "/home/spirit/.virtualenvs/blog/lib/python3.6/site-packages/django/contrib/sessions/backends/base.py", line 164, in _get_new_session_key
    if not self.exists(session_key):
  File "/home/spirit/.virtualenvs/blog/lib/python3.6/site-packages/django/contrib/sessions/backends/cache.py", line 71, in exists
    return session_key and (self.cache_key_prefix + session_key) in self._cache
  File "/home/spirit/.virtualenvs/blog/lib/python3.6/site-packages/django/core/cache/backends/base.py", line 203, in __contains__
    return self.has_key(key)
  File "/home/spirit/.virtualenvs/blog/lib/python3.6/site-packages/django_redis/cache.py", line 39, in _decorator
    raise e.parent
  File "/home/spirit/.virtualenvs/blog/lib/python3.6/site-packages/django_redis/client/default.py", line 475, in has_key
    return client.exists(key)
  File "/home/spirit/.virtualenvs/blog/lib/python3.6/site-packages/redis/client.py", line 951, in exists
    return self.execute_command('EXISTS', name)
  File "/home/spirit/.virtualenvs/blog/lib/python3.6/site-packages/redis/client.py", line 673, in execute_command
    connection.send_command(*args)
  File "/home/spirit/.virtualenvs/blog/lib/python3.6/site-packages/redis/connection.py", line 610, in send_command
    self.send_packed_command(self.pack_command(*args))
  File "/home/spirit/.virtualenvs/blog/lib/python3.6/site-packages/redis/connection.py", line 585, in send_packed_command
    self.connect()
  File "/home/spirit/.virtualenvs/blog/lib/python3.6/site-packages/redis/connection.py", line 489, in connect
    raise ConnectionError(self._error_message(e))
redis.exceptions.ConnectionError: Error 111 connecting to 127.0.0.1:6379. Connection refused.
ERROR 2018-08-18 22:00:19,845 basehttp 124 "POST /xadmin/ HTTP/1.1" 500 250100
INFO 2018-08-18 22:00:39,768 basehttp 124 "GET /xadmin/ HTTP/1.1" 200 4366
INFO 2018-08-18 22:00:39,853 basehttp 124 "GET /xadmin/jsi18n/ HTTP/1.1" 200 4373
INFO 2018-08-18 22:00:44,334 basehttp 124 "POST /xadmin/ HTTP/1.1" 302 0
INFO 2018-08-18 22:00:44,424 basehttp 124 "GET /xadmin/ HTTP/1.1" 200 17393
INFO 2018-08-18 22:00:44,495 basehttp 124 "GET /xadmin/jsi18n/ HTTP/1.1" 200 4753
INFO 2018-08-18 22:00:49,242 basehttp 124 "GET /xadmin/blog/article/ HTTP/1.1" 200 40949
INFO 2018-08-18 22:00:49,313 basehttp 124 "GET /xadmin/jsi18n/ HTTP/1.1" 200 4753
INFO 2018-08-18 22:00:55,038 basehttp 124 "GET /xadmin/blog/article/add/ HTTP/1.1" 200 30001
INFO 2018-08-18 22:00:55,145 basehttp 124 "GET /xadmin/jsi18n/ HTTP/1.1" 200 4753
INFO 2018-08-18 22:00:57,817 basehttp 124 "GET /xadmin/user/user/?&_q_=s&_cols=id.__str__ HTTP/1.1" 200 130
INFO 2018-08-18 22:07:15,339 basehttp 124 "GET / HTTP/1.1" 200 9869
INFO 2018-08-18 22:07:15,375 basehttp 124 "GET /static/images/upload/askdhfkahsdfh_uI41Xj7.png HTTP/1.1" 200 52043
INFO 2018-08-18 22:07:18,249 basehttp 124 "GET /xadmin/user/user/1/update/ HTTP/1.1" 200 34196
INFO 2018-08-18 22:07:18,350 basehttp 124 "GET /static/xadmin/css/xadmin.widget.select-transfer.css HTTP/1.1" 200 2317
INFO 2018-08-18 22:07:18,388 basehttp 124 "GET /static/xadmin/js/xadmin.widget.select-transfer.js HTTP/1.1" 200 8214
INFO 2018-08-18 22:07:18,401 basehttp 124 "GET /xadmin/jsi18n/ HTTP/1.1" 200 4753
INFO 2018-08-18 22:07:37,672 basehttp 124 "POST /xadmin/user/user/1/update/ HTTP/1.1" 302 0
INFO 2018-08-18 22:07:37,833 basehttp 124 "GET /xadmin/user/user/? HTTP/1.1" 200 40610
INFO 2018-08-18 22:07:37,915 basehttp 124 "GET /xadmin/jsi18n/ HTTP/1.1" 200 4753
INFO 2018-08-18 22:07:40,914 basehttp 124 "GET /xadmin/user/user/1/update/ HTTP/1.1" 200 34196
INFO 2018-08-18 22:07:41,030 basehttp 124 "GET /xadmin/jsi18n/ HTTP/1.1" 200 4753
INFO 2018-08-18 22:07:45,859 basehttp 124 "GET /article/2 HTTP/1.1" 200 10128
INFO 2018-08-18 22:07:48,549 basehttp 124 "GET / HTTP/1.1" 200 9847
INFO 2018-08-18 22:11:33,633 basehttp 124 "GET / HTTP/1.1" 200 11148
INFO 2018-08-18 22:11:33,690 basehttp 124 "GET /static/images/upload/askdhfkahsdfh_uI41Xj7.png HTTP/1.1" 304 0
INFO 2018-08-18 22:11:35,650 basehttp 124 "GET / HTTP/1.1" 200 10624
INFO 2018-08-18 22:11:41,347 basehttp 124 "GET /search/?q=hello&search= HTTP/1.1" 200 8698
INFO 2018-08-18 22:11:44,375 basehttp 124 "GET /search/?q=hello&page=2 HTTP/1.1" 200 8655
INFO 2018-08-18 22:11:50,103 basehttp 124 "GET /search/?q=hello&page=1 HTTP/1.1" 200 8642
INFO 2018-08-18 22:11:51,639 basehttp 124 "GET /search/?q=hello&page=2 HTTP/1.1" 200 8623
INFO 2018-08-18 22:11:54,157 basehttp 124 "GET /search/?q=hello&page=1 HTTP/1.1" 200 8770
INFO 2018-08-18 22:11:57,119 basehttp 124 "GET /search/?q=hello&page=2 HTTP/1.1" 200 8339
INFO 2018-08-18 22:11:58,707 basehttp 124 "GET /search/?q=hello&page=3 HTTP/1.1" 200 8296
INFO 2018-08-18 22:11:59,547 basehttp 124 "GET /search/?q=hello&page=4 HTTP/1.1" 200 7263
INFO 2018-08-18 22:12:01,280 basehttp 124 "GET /search/?q=hello&page=1 HTTP/1.1" 200 8540
INFO 2018-08-18 22:12:04,459 basehttp 124 "GET /article/3 HTTP/1.1" 200 8616
INFO 2018-08-18 22:12:23,200 basehttp 124 "GET / HTTP/1.1" 200 10490
INFO 2018-08-18 22:12:23,585 basehttp 124 "GET / HTTP/1.1" 200 10630
INFO 2018-08-18 22:12:24,476 basehttp 124 "GET /article/4 HTTP/1.1" 200 9306
INFO 2018-08-18 22:22:43,332 basehttp 124 "GET / HTTP/1.1" 200 11677
INFO 2018-08-18 22:22:43,438 basehttp 124 "GET /static/images/upload/askdhfkahsdfh_uI41Xj7.png HTTP/1.1" 304 0
INFO 2018-08-18 22:31:24,264 basehttp 124 "GET / HTTP/1.1" 200 11677
INFO 2018-08-18 22:31:24,338 basehttp 124 "GET /static/images/upload/askdhfkahsdfh_uI41Xj7.png HTTP/1.1" 304 0
INFO 2018-08-18 22:31:24,554 basehttp 124 "GET /static/images/icon/favicon.ico HTTP/1.1" 200 9817
INFO 2018-08-18 22:31:45,093 basehttp 124 "GET /search/?q=hello&search= HTTP/1.1" 200 9249
INFO 2018-08-18 22:31:52,923 basehttp 124 "GET /search/?q=hello&page=2 HTTP/1.1" 200 8541
INFO 2018-08-18 22:32:00,409 basehttp 124 "GET /search/?q=hello&page=1 HTTP/1.1" 200 9225
INFO 2018-08-18 22:32:06,393 basehttp 124 "GET /search/?q=hello&page=3 HTTP/1.1" 200 9269
INFO 2018-08-18 22:32:11,772 basehttp 124 "GET /search/?q=hello&page=4 HTTP/1.1" 200 7946
INFO 2018-08-18 22:57:27,389 basehttp 124 "GET /search/?q=hello&page=4 HTTP/1.1" 200 7032
INFO 2018-08-18 22:57:27,391 basehttp 124 "GET /search/?q=hello&page=4 HTTP/1.1" 200 7338
INFO 2018-08-18 22:57:27,424 basehttp 124 "GET /static/css/style.css HTTP/1.1" 304 0
INFO 2018-08-18 22:57:27,483 basehttp 124 "GET /static/images/upload/askdhfkahsdfh_uI41Xj7.png HTTP/1.1" 304 0
INFO 2018-08-18 22:57:27,522 basehttp 124 "GET /static/js/scripts.js HTTP/1.1" 304 0
INFO 2018-08-18 22:57:27,726 basehttp 124 "GET /static/images/icon/favicon.ico HTTP/1.1" 200 9817
INFO 2018-08-18 22:57:29,257 basehttp 124 "GET /search/?q=hello&page=1 HTTP/1.1" 200 9483
INFO 2018-08-18 22:57:32,151 basehttp 124 "GET /search/?q=hello&page=2 HTTP/1.1" 200 10015
INFO 2018-08-18 22:57:35,093 basehttp 124 "GET /search/?q=hello&page=1 HTTP/1.1" 200 9303
INFO 2018-08-18 22:57:39,143 basehttp 124 "GET /search/?q=hello&page=2 HTTP/1.1" 200 9357
INFO 2018-08-18 22:57:42,780 basehttp 124 "GET /search/?q=hello&page=3 HTTP/1.1" 200 7338
ERROR 2018-08-18 23:08:57,352 exception 135 Internal Server Error: /search/
Traceback (most recent call last):
  File "/home/spirit/.virtualenvs/blog/lib/python3.6/site-packages/django/core/paginator.py", line 41, in validate_number
    number = int(number)
TypeError: int() argument must be a string, a bytes-like object or a number, not 'NoneType'

During handling of the above exception, another exception occurred:

Traceback (most recent call last):
  File "/home/spirit/Desktop/MyBlog/utils/paginator_ex.py", line 44, in paging
    page_obj = paginator.page(page)
  File "/home/spirit/Desktop/MyBlog/utils/paginator_ex.py", line 15, in page
    return super(JuncheePaginator, self).page(number)
  File "/home/spirit/.virtualenvs/blog/lib/python3.6/site-packages/django/core/paginator.py", line 57, in page
    number = self.validate_number(number)
  File "/home/spirit/.virtualenvs/blog/lib/python3.6/site-packages/django/core/paginator.py", line 43, in validate_number
    raise PageNotAnInteger(_('That page number is not an integer'))
django.core.paginator.PageNotAnInteger: 

During handling of the above exception, another exception occurred:

Traceback (most recent call last):
  File "/home/spirit/.virtualenvs/blog/lib/python3.6/site-packages/django/core/handlers/exception.py", line 41, in inner
    response = get_response(request)
  File "/home/spirit/.virtualenvs/blog/lib/python3.6/site-packages/django/core/handlers/base.py", line 187, in _get_response
    response = self.process_exception_by_middleware(e, request)
  File "/home/spirit/.virtualenvs/blog/lib/python3.6/site-packages/django/core/handlers/base.py", line 185, in _get_response
    response = wrapped_callback(request, *callback_args, **callback_kwargs)
  File "/home/spirit/.virtualenvs/blog/lib/python3.6/site-packages/haystack/views.py", line 51, in __call__
    return self.create_response()
  File "/home/spirit/.virtualenvs/blog/lib/python3.6/site-packages/haystack/views.py", line 150, in create_response
    context = self.get_context()
  File "/home/spirit/.virtualenvs/blog/lib/python3.6/site-packages/haystack/views.py", line 128, in get_context
    (paginator, page) = self.build_page()
  File "/home/spirit/Desktop/MyBlog/blog/search_indexes.py", line 32, in build_page
    page, paginator = JuncheePaginator.paging(self.request, query_set, 3)
  File "/home/spirit/Desktop/MyBlog/utils/paginator_ex.py", line 47, in paging
    page_obj = paginator.page(1)
  File "/home/spirit/Desktop/MyBlog/utils/paginator_ex.py", line 15, in page
    return super(JuncheePaginator, self).page(number)
  File "/home/spirit/.virtualenvs/blog/lib/python3.6/site-packages/django/core/paginator.py", line 62, in page
    return self._get_page(self.object_list[bottom:top], number, self)
TypeError: 'set' object is not subscriptable
ERROR 2018-08-18 23:08:57,732 basehttp 124 "GET /search/?q=hello&search= HTTP/1.1" 500 119751
INFO 2018-08-18 23:10:21,729 basehttp 124 "GET /search/?q=hello&search= HTTP/1.1" 200 9341
INFO 2018-08-18 23:10:21,837 basehttp 124 "GET /static/images/upload/askdhfkahsdfh_uI41Xj7.png HTTP/1.1" 304 0
INFO 2018-08-18 23:10:22,184 basehttp 124 "GET /static/images/icon/favicon.ico HTTP/1.1" 200 9817
INFO 2018-08-18 23:10:48,476 basehttp 124 "GET /search/?q=hello&search= HTTP/1.1" 200 9871
INFO 2018-08-18 23:11:52,681 basehttp 124 "GET /search/?q=hello&search= HTTP/1.1" 200 9485
INFO 2018-08-18 23:11:53,098 basehttp 124 "GET /static/images/icon/favicon.ico HTTP/1.1" 200 9817
INFO 2018-08-18 23:12:57,048 basehttp 124 "GET /search/?q=hello&search= HTTP/1.1" 200 10131
INFO 2018-08-18 23:13:09,036 basehttp 124 "GET /search/?q=hello&page=2 HTTP/1.1" 200 7592
INFO 2018-08-18 23:14:30,373 basehttp 124 "GET /search/?q=hello&search= HTTP/1.1" 200 7917
INFO 2018-08-18 23:14:42,881 basehttp 124 "GET /search/?q=hello&page=2 HTTP/1.1" 200 8024
INFO 2018-08-18 23:14:44,816 basehttp 124 "GET /search/?q=hello&page=2 HTTP/1.1" 200 8222
INFO 2018-08-18 23:14:44,888 basehttp 124 "GET /static/css/nprogress.css HTTP/1.1" 200 1410
INFO 2018-08-18 23:14:44,890 basehttp 124 "GET /static/css/github-markdown.css HTTP/1.1" 200 5585
INFO 2018-08-18 23:14:44,905 basehttp 124 "GET /static/css/highlights/github.css HTTP/1.1" 200 4015
INFO 2018-08-18 23:14:44,916 basehttp 124 "GET /static/css/bootstrap.min.css HTTP/1.1" 200 121200
INFO 2018-08-18 23:14:44,921 basehttp 124 "GET /static/css/style.css HTTP/1.1" 200 49054
INFO 2018-08-18 23:14:44,925 basehttp 124 "GET /static/css/font-awesome.min.css HTTP/1.1" 200 26711
INFO 2018-08-18 23:14:44,927 basehttp 124 "GET /static/js/nprogress.js HTTP/1.1" 200 8933
INFO 2018-08-18 23:14:44,929 basehttp 124 "GET /static/js/jquery-2.1.4.min.js HTTP/1.1" 200 84345
INFO 2018-08-18 23:14:44,931 basehttp 124 "GET /static/js/jquery.lazyload.min.js HTTP/1.1" 200 4134
INFO 2018-08-18 23:14:44,946 basehttp 124 "GET /static/images/logo.png HTTP/1.1" 200 2317
INFO 2018-08-18 23:14:44,967 basehttp 124 "GET /static/images/upload/default_image.png HTTP/1.1" 200 39227
INFO 2018-08-18 23:14:44,995 basehttp 124 "GET /static/js/jquery.ias.js HTTP/1.1" 200 6669
INFO 2018-08-18 23:14:44,999 basehttp 124 "GET /static/js/scripts.js HTTP/1.1" 200 902
INFO 2018-08-18 23:14:45,004 basehttp 124 "GET /static/images/upload/askdhfkahsdfh_uI41Xj7.png HTTP/1.1" 200 52043
INFO 2018-08-18 23:14:45,010 basehttp 124 "GET /static/js/bootstrap.min.js HTTP/1.1" 200 36816
INFO 2018-08-18 23:14:45,029 basehttp 124 "GET /static/images/backtop.png HTTP/1.1" 200 1123
INFO 2018-08-18 23:14:45,055 basehttp 124 "GET /static/fonts/glyphicons-halflings-regular.woff2 HTTP/1.1" 200 18028
INFO 2018-08-18 23:14:45,209 basehttp 124 "GET /static/images/icon/favicon.ico HTTP/1.1" 200 9817
INFO 2018-08-18 23:14:47,020 basehttp 124 "GET / HTTP/1.1" 200 11483
INFO 2018-08-18 23:14:50,796 basehttp 124 "GET /search/?q=hello&search= HTTP/1.1" 200 7705
INFO 2018-08-18 23:14:52,972 basehttp 124 "GET /search/?q=hello&page=2 HTTP/1.1" 200 7990
INFO 2018-08-18 23:14:54,471 basehttp 124 "GET /search/?q=hello&page=3 HTTP/1.1" 200 7940
INFO 2018-08-18 23:14:55,718 basehttp 124 "GET /search/?q=hello&page=4 HTTP/1.1" 200 8434
INFO 2018-08-18 23:16:37,576 basehttp 124 "GET / HTTP/1.1" 200 10981
INFO 2018-08-18 23:16:37,624 basehttp 124 "GET /static/css/github-markdown.css HTTP/1.1" 200 5585
INFO 2018-08-18 23:16:37,645 basehttp 124 "GET /static/css/nprogress.css HTTP/1.1" 200 1410
INFO 2018-08-18 23:16:37,653 basehttp 124 "GET /static/css/highlights/github.css HTTP/1.1" 200 4015
INFO 2018-08-18 23:16:37,673 basehttp 124 "GET /static/js/nprogress.js HTTP/1.1" 200 8933
INFO 2018-08-18 23:16:37,679 basehttp 124 "GET /static/css/font-awesome.min.css HTTP/1.1" 200 26711
INFO 2018-08-18 23:16:37,681 basehttp 124 "GET /static/js/jquery.lazyload.min.js HTTP/1.1" 200 4134
INFO 2018-08-18 23:16:37,684 basehttp 124 "GET /static/images/logo.png HTTP/1.1" 200 2317
INFO 2018-08-18 23:16:37,705 basehttp 124 "GET /static/css/style.css HTTP/1.1" 200 49054
INFO 2018-08-18 23:16:37,713 basehttp 124 "GET /static/js/jquery-2.1.4.min.js HTTP/1.1" 200 84345
INFO 2018-08-18 23:16:37,715 basehttp 124 "GET /static/css/bootstrap.min.css HTTP/1.1" 200 121200
INFO 2018-08-18 23:16:37,717 basehttp 124 "GET /static/images/upload/default_image.png HTTP/1.1" 200 39227
INFO 2018-08-18 23:16:37,724 basehttp 124 "GET /static/js/bootstrap.min.js HTTP/1.1" 200 36816
INFO 2018-08-18 23:16:37,739 basehttp 124 "GET /static/js/jquery.ias.js HTTP/1.1" 200 6669
INFO 2018-08-18 23:16:37,770 basehttp 124 "GET /static/js/scripts.js HTTP/1.1" 200 902
INFO 2018-08-18 23:16:37,773 basehttp 124 "GET /static/images/upload/askdhfkahsdfh_uI41Xj7.png HTTP/1.1" 200 52043
INFO 2018-08-18 23:16:38,319 basehttp 124 "GET /static/images/icon/favicon.ico HTTP/1.1" 200 9817
INFO 2018-08-18 23:16:57,707 basehttp 124 "GET /search/?q=hello&search= HTTP/1.1" 200 8042
INFO 2018-08-18 23:17:35,964 basehttp 124 "GET /search/?q=hello&search= HTTP/1.1" 200 7649
INFO 2018-08-18 23:18:07,995 basehttp 124 "GET /search/?q=hello&search= HTTP/1.1" 200 8574
INFO 2018-08-18 23:18:08,186 basehttp 124 "GET /static/images/icon/favicon.ico HTTP/1.1" 200 9817
INFO 2018-08-18 23:18:15,680 basehttp 124 "GET /search/?q=hello&search= HTTP/1.1" 200 8220
INFO 2018-08-18 23:18:47,619 basehttp 124 "GET / HTTP/1.1" 200 11019
INFO 2018-08-18 23:18:54,166 basehttp 124 "GET /search/?q=hello&search= HTTP/1.1" 200 8199
INFO 2018-08-18 23:20:28,494 basehttp 124 "GET /search/?q=hello&search= HTTP/1.1" 200 7845
INFO 2018-08-18 23:22:59,977 basehttp 124 "GET /search/?q=hello&search= HTTP/1.1" 200 8635
INFO 2018-08-18 23:23:43,016 basehttp 124 "GET /search/?q=hello&search= HTTP/1.1" 200 8235
INFO 2018-08-18 23:25:59,646 basehttp 124 "GET /search/?q=hello&page=2 HTTP/1.1" 200 7740
INFO 2018-08-18 23:26:19,897 basehttp 124 "GET /search/?q=php&search= HTTP/1.1" 200 7614
INFO 2018-08-18 23:26:27,975 basehttp 124 "GET /search/?q=python&search= HTTP/1.1" 200 7646
INFO 2018-08-18 23:26:33,038 basehttp 124 "GET /search/?q=hello&search= HTTP/1.1" 200 7845
ERROR 2018-08-18 23:26:33,917 exception 135 Internal Server Error: /search/
Traceback (most recent call last):
  File "/home/spirit/.virtualenvs/blog/lib/python3.6/site-packages/django/core/handlers/exception.py", line 41, in inner
    response = get_response(request)
  File "/home/spirit/.virtualenvs/blog/lib/python3.6/site-packages/django/core/handlers/base.py", line 187, in _get_response
    response = self.process_exception_by_middleware(e, request)
  File "/home/spirit/.virtualenvs/blog/lib/python3.6/site-packages/django/core/handlers/base.py", line 185, in _get_response
    response = wrapped_callback(request, *callback_args, **callback_kwargs)
  File "/home/spirit/.virtualenvs/blog/lib/python3.6/site-packages/haystack/views.py", line 51, in __call__
    return self.create_response()
  File "/home/spirit/.virtualenvs/blog/lib/python3.6/site-packages/haystack/views.py", line 150, in create_response
    context = self.get_context()
  File "/home/spirit/.virtualenvs/blog/lib/python3.6/site-packages/haystack/views.py", line 128, in get_context
    (paginator, page) = self.build_page()
  File "/home/spirit/Desktop/MyBlog/blog/search_indexes.py", line 33, in build_page
    page, paginator = JuncheePaginator.paging(self.request, self.results, 1)
TypeError: 'NoneType' object is not iterable
ERROR 2018-08-18 23:26:34,068 basehttp 124 "GET /search/?q=&search= HTTP/1.1" 500 85726
WARNING 2018-08-18 23:26:34,445 base 152 Not Found: /favicon.ico
WARNING 2018-08-18 23:26:34,446 basehttp 124 "GET /favicon.ico HTTP/1.1" 404 4408
INFO 2018-08-18 23:26:43,026 basehttp 124 "GET /search/?q=hello&page=2 HTTP/1.1" 200 7684
INFO 2018-08-18 23:26:44,631 basehttp 124 "GET /search/?q=hello&page=3 HTTP/1.1" 200 8242
INFO 2018-08-18 23:26:45,677 basehttp 124 "GET /search/?q=hello&page=4 HTTP/1.1" 200 8378
INFO 2018-08-18 23:26:47,904 basehttp 124 "GET /search/?q=hello&page=first HTTP/1.1" 200 7705
ERROR 2018-08-18 23:29:35,068 exception 135 Internal Server Error: /search/
Traceback (most recent call last):
  File "/home/spirit/.virtualenvs/blog/lib/python3.6/site-packages/django/core/handlers/exception.py", line 41, in inner
    response = get_response(request)
  File "/home/spirit/.virtualenvs/blog/lib/python3.6/site-packages/django/core/handlers/base.py", line 187, in _get_response
    response = self.process_exception_by_middleware(e, request)
  File "/home/spirit/.virtualenvs/blog/lib/python3.6/site-packages/django/core/handlers/base.py", line 185, in _get_response
    response = wrapped_callback(request, *callback_args, **callback_kwargs)
  File "/home/spirit/.virtualenvs/blog/lib/python3.6/site-packages/haystack/views.py", line 51, in __call__
    return self.create_response()
  File "/home/spirit/.virtualenvs/blog/lib/python3.6/site-packages/haystack/views.py", line 150, in create_response
    context = self.get_context()
  File "/home/spirit/.virtualenvs/blog/lib/python3.6/site-packages/haystack/views.py", line 128, in get_context
    (paginator, page) = self.build_page()
  File "/home/spirit/Desktop/MyBlog/blog/search_indexes.py", line 33, in build_page
    page, paginator = JuncheePaginator.paging(self.request, self.results, 1)
TypeError: 'NoneType' object is not iterable
ERROR 2018-08-18 23:29:35,224 basehttp 124 "GET /search/?q=&search= HTTP/1.1" 500 85729
ERROR 2018-08-18 23:30:19,202 exception 135 Internal Server Error: /search/
Traceback (most recent call last):
  File "/home/spirit/.virtualenvs/blog/lib/python3.6/site-packages/django/core/handlers/exception.py", line 41, in inner
    response = get_response(request)
  File "/home/spirit/.virtualenvs/blog/lib/python3.6/site-packages/django/core/handlers/base.py", line 187, in _get_response
    response = self.process_exception_by_middleware(e, request)
  File "/home/spirit/.virtualenvs/blog/lib/python3.6/site-packages/django/core/handlers/base.py", line 185, in _get_response
    response = wrapped_callback(request, *callback_args, **callback_kwargs)
  File "/home/spirit/.virtualenvs/blog/lib/python3.6/site-packages/haystack/views.py", line 51, in __call__
    return self.create_response()
  File "/home/spirit/.virtualenvs/blog/lib/python3.6/site-packages/haystack/views.py", line 150, in create_response
    context = self.get_context()
  File "/home/spirit/.virtualenvs/blog/lib/python3.6/site-packages/haystack/views.py", line 128, in get_context
    (paginator, page) = self.build_page()
  File "/home/spirit/Desktop/MyBlog/blog/search_indexes.py", line 33, in build_page
    page, paginator = JuncheePaginator.paging(self.request, self.results, 1)
TypeError: 'NoneType' object is not iterable
ERROR 2018-08-18 23:30:20,104 basehttp 124 "GET /search/?q=&search= HTTP/1.1" 500 87794
ERROR 2018-08-18 23:30:50,226 exception 135 Internal Server Error: /search/
Traceback (most recent call last):
  File "/home/spirit/.virtualenvs/blog/lib/python3.6/site-packages/django/core/handlers/exception.py", line 41, in inner
    response = get_response(request)
  File "/home/spirit/.virtualenvs/blog/lib/python3.6/site-packages/django/core/handlers/base.py", line 187, in _get_response
    response = self.process_exception_by_middleware(e, request)
  File "/home/spirit/.virtualenvs/blog/lib/python3.6/site-packages/django/core/handlers/base.py", line 185, in _get_response
    response = wrapped_callback(request, *callback_args, **callback_kwargs)
  File "/home/spirit/.virtualenvs/blog/lib/python3.6/site-packages/haystack/views.py", line 51, in __call__
    return self.create_response()
  File "/home/spirit/.virtualenvs/blog/lib/python3.6/site-packages/haystack/views.py", line 150, in create_response
    context = self.get_context()
  File "/home/spirit/.virtualenvs/blog/lib/python3.6/site-packages/haystack/views.py", line 128, in get_context
    (paginator, page) = self.build_page()
  File "/home/spirit/Desktop/MyBlog/blog/search_indexes.py", line 33, in build_page
    page, paginator = JuncheePaginator.paging(self.request, self.results, 1)
TypeError: 'NoneType' object is not iterable
ERROR 2018-08-18 23:30:50,886 basehttp 124 "GET /search/?q=&search= HTTP/1.1" 500 87794
ERROR 2018-08-18 23:32:11,588 exception 135 Internal Server Error: /search/
Traceback (most recent call last):
  File "/home/spirit/.virtualenvs/blog/lib/python3.6/site-packages/django/core/handlers/exception.py", line 41, in inner
    response = get_response(request)
  File "/home/spirit/.virtualenvs/blog/lib/python3.6/site-packages/django/core/handlers/base.py", line 187, in _get_response
    response = self.process_exception_by_middleware(e, request)
  File "/home/spirit/.virtualenvs/blog/lib/python3.6/site-packages/django/core/handlers/base.py", line 185, in _get_response
    response = wrapped_callback(request, *callback_args, **callback_kwargs)
  File "/home/spirit/.virtualenvs/blog/lib/python3.6/site-packages/haystack/views.py", line 51, in __call__
    return self.create_response()
  File "/home/spirit/.virtualenvs/blog/lib/python3.6/site-packages/haystack/views.py", line 150, in create_response
    context = self.get_context()
  File "/home/spirit/.virtualenvs/blog/lib/python3.6/site-packages/haystack/views.py", line 128, in get_context
    (paginator, page) = self.build_page()
  File "/home/spirit/Desktop/MyBlog/blog/search_indexes.py", line 34, in build_page
    page, paginator = JuncheePaginator.paging(self.request, self.results, 1)
TypeError: 'NoneType' object is not iterable
ERROR 2018-08-18 23:32:11,610 exception 135 Internal Server Error: /search/
Traceback (most recent call last):
  File "/home/spirit/.virtualenvs/blog/lib/python3.6/site-packages/django/core/handlers/exception.py", line 41, in inner
    response = get_response(request)
  File "/home/spirit/.virtualenvs/blog/lib/python3.6/site-packages/django/core/handlers/base.py", line 187, in _get_response
    response = self.process_exception_by_middleware(e, request)
  File "/home/spirit/.virtualenvs/blog/lib/python3.6/site-packages/django/core/handlers/base.py", line 185, in _get_response
    response = wrapped_callback(request, *callback_args, **callback_kwargs)
  File "/home/spirit/.virtualenvs/blog/lib/python3.6/site-packages/haystack/views.py", line 51, in __call__
    return self.create_response()
  File "/home/spirit/.virtualenvs/blog/lib/python3.6/site-packages/haystack/views.py", line 150, in create_response
    context = self.get_context()
  File "/home/spirit/.virtualenvs/blog/lib/python3.6/site-packages/haystack/views.py", line 128, in get_context
    (paginator, page) = self.build_page()
  File "/home/spirit/Desktop/MyBlog/blog/search_indexes.py", line 34, in build_page
    page, paginator = JuncheePaginator.paging(self.request, self.results, 1)
TypeError: 'NoneType' object is not iterable
ERROR 2018-08-18 23:32:13,342 basehttp 124 "GET /search/?q=&search= HTTP/1.1" 500 87795
ERROR 2018-08-18 23:32:13,438 basehttp 124 "GET /search/?q=&search= HTTP/1.1" 500 87794
ERROR 2018-08-18 23:34:13,994 exception 135 Internal Server Error: /search/
Traceback (most recent call last):
  File "/home/spirit/.virtualenvs/blog/lib/python3.6/site-packages/django/core/handlers/exception.py", line 41, in inner
    response = get_response(request)
  File "/home/spirit/.virtualenvs/blog/lib/python3.6/site-packages/django/core/handlers/base.py", line 187, in _get_response
    response = self.process_exception_by_middleware(e, request)
  File "/home/spirit/.virtualenvs/blog/lib/python3.6/site-packages/django/core/handlers/base.py", line 185, in _get_response
    response = wrapped_callback(request, *callback_args, **callback_kwargs)
  File "/home/spirit/.virtualenvs/blog/lib/python3.6/site-packages/haystack/views.py", line 51, in __call__
    return self.create_response()
  File "/home/spirit/.virtualenvs/blog/lib/python3.6/site-packages/haystack/views.py", line 150, in create_response
    context = self.get_context()
  File "/home/spirit/.virtualenvs/blog/lib/python3.6/site-packages/haystack/views.py", line 128, in get_context
    (paginator, page) = self.build_page()
  File "/home/spirit/Desktop/MyBlog/blog/search_indexes.py", line 34, in build_page
    page, paginator = JuncheePaginator.paging(self.request, self.results, 1)
TypeError: 'NoneType' object is not iterable
ERROR 2018-08-18 23:34:25,806 basehttp 124 "GET /search/?q=&search= HTTP/1.1" 500 87795
INFO 2018-08-18 23:35:56,069 basehttp 124 "GET / HTTP/1.1" 200 11479
INFO 2018-08-18 23:35:56,180 basehttp 124 "GET /static/images/upload/askdhfkahsdfh_uI41Xj7.png HTTP/1.1" 304 0
INFO 2018-08-18 23:35:58,361 basehttp 124 "GET /search/?q=&search= HTTP/1.1" 200 6534
INFO 2018-08-18 23:36:01,076 basehttp 124 "GET /search/?q=&search= HTTP/1.1" 200 7030
INFO 2018-08-18 23:36:02,357 basehttp 124 "GET /search/?q=&search= HTTP/1.1" 200 6964
INFO 2018-08-18 23:36:22,811 basehttp 124 "GET /search/?q=hello&search= HTTP/1.1" 200 8574
INFO 2018-08-18 23:36:22,848 basehttp 124 "GET /search/?q=hello&search= HTTP/1.1" 200 7989
INFO 2018-08-18 23:36:23,871 basehttp 124 "GET /search/?q=&search= HTTP/1.1" 200 7228
INFO 2018-08-18 23:36:45,617 basehttp 124 "GET /search/?q=&search= HTTP/1.1" 200 6730
INFO 2018-08-18 23:37:49,277 basehttp 124 "GET /search/?q=&search= HTTP/1.1" 200 6676
INFO 2018-08-18 23:37:52,779 basehttp 124 "GET /search/?q=&search= HTTP/1.1" 200 6534
INFO 2018-08-18 23:37:56,132 basehttp 124 "GET /article/tag/1 HTTP/1.1" 200 10193
INFO 2018-08-18 23:38:00,805 basehttp 124 "GET /article/blog HTTP/1.1" 200 6586
INFO 2018-08-18 23:38:00,870 basehttp 124 "GET /static/js/bloglist.js HTTP/1.1" 304 0
INFO 2018-08-18 23:38:01,084 basehttp 124 "GET /article/blogdata?page=1 HTTP/1.1" 200 1011
INFO 2018-08-18 23:38:18,805 basehttp 124 "GET /article/tag/1 HTTP/1.1" 200 10029
INFO 2018-08-18 23:38:20,868 basehttp 124 "GET / HTTP/1.1" 200 11125
INFO 2018-08-18 23:38:27,631 basehttp 124 "GET /article/2 HTTP/1.1" 200 10499
INFO 2018-08-18 23:38:27,689 basehttp 124 "GET /static/js/other.js HTTP/1.1" 304 0
INFO 2018-08-18 23:38:31,696 basehttp 124 "POST /comment HTTP/1.1" 200 32
INFO 2018-08-18 23:38:36,029 basehttp 124 "GET /register HTTP/1.1" 200 8587
INFO 2018-08-18 23:38:48,683 basehttp 124 "GET /register/sendtomes?mobile=15111111111 HTTP/1.1" 200 15
INFO 2018-08-18 23:39:02,632 basehttp 124 "POST /register HTTP/1.1" 200 15
INFO 2018-08-18 23:39:02,664 basehttp 124 "GET /register HTTP/1.1" 302 0
INFO 2018-08-18 23:39:02,776 basehttp 124 "GET / HTTP/1.1" 200 10992
INFO 2018-08-18 23:39:05,448 basehttp 124 "GET /article/2 HTTP/1.1" 200 10544
INFO 2018-08-18 23:39:07,562 basehttp 124 "POST /comment HTTP/1.1" 200 193
INFO 2018-08-18 23:39:07,736 basehttp 124 "GET /article/2 HTTP/1.1" 200 11626
INFO 2018-08-18 23:39:09,113 basehttp 124 "POST /comment HTTP/1.1" 200 193
INFO 2018-08-18 23:39:09,321 basehttp 124 "GET /article/2 HTTP/1.1" 200 11832
INFO 2018-08-18 23:39:10,408 basehttp 124 "POST /comment HTTP/1.1" 200 193
INFO 2018-08-18 23:39:10,658 basehttp 124 "GET /article/2 HTTP/1.1" 200 12824
INFO 2018-08-18 23:39:12,054 basehttp 124 "POST /comment HTTP/1.1" 200 193
INFO 2018-08-18 23:39:12,279 basehttp 124 "GET /article/2 HTTP/1.1" 200 12859
INFO 2018-08-18 23:39:13,179 basehttp 124 "POST /comment HTTP/1.1" 200 193
INFO 2018-08-18 23:39:13,483 basehttp 124 "GET /article/2 HTTP/1.1" 200 12719
INFO 2018-08-18 23:39:16,911 basehttp 124 "POST /comment HTTP/1.1" 200 193
INFO 2018-08-18 23:39:17,033 basehttp 124 "GET /article/2 HTTP/1.1" 200 13523
INFO 2018-08-18 23:39:18,304 basehttp 124 "POST /comment HTTP/1.1" 200 193
INFO 2018-08-18 23:39:18,514 basehttp 124 "GET /article/2 HTTP/1.1" 200 13375
INFO 2018-08-18 23:39:19,615 basehttp 124 "POST /comment HTTP/1.1" 200 195
INFO 2018-08-18 23:39:19,994 basehttp 124 "GET /article/2 HTTP/1.1" 200 12899
INFO 2018-08-18 23:39:23,380 basehttp 124 "POST /comment HTTP/1.1" 200 195
INFO 2018-08-18 23:39:23,518 basehttp 124 "GET /article/2 HTTP/1.1" 200 12797
INFO 2018-08-18 23:39:24,973 basehttp 124 "POST /comment HTTP/1.1" 200 195
INFO 2018-08-18 23:39:25,227 basehttp 124 "GET /article/2 HTTP/1.1" 200 12977
INFO 2018-08-18 23:39:26,331 basehttp 124 "POST /comment HTTP/1.1" 200 195
INFO 2018-08-18 23:39:26,590 basehttp 124 "GET /article/2 HTTP/1.1" 200 12953
INFO 2018-08-18 23:39:27,760 basehttp 124 "POST /comment HTTP/1.1" 200 195
INFO 2018-08-18 23:39:27,996 basehttp 124 "GET /article/2 HTTP/1.1" 200 13033
INFO 2018-08-18 23:39:29,437 basehttp 124 "POST /comment HTTP/1.1" 200 195
INFO 2018-08-18 23:39:29,705 basehttp 124 "GET /article/2 HTTP/1.1" 200 13463
INFO 2018-08-18 23:39:31,268 basehttp 124 "POST /comment HTTP/1.1" 200 195
INFO 2018-08-18 23:39:31,425 basehttp 124 "GET /article/2 HTTP/1.1" 200 12949
INFO 2018-08-18 23:39:32,647 basehttp 124 "POST /comment HTTP/1.1" 200 195
INFO 2018-08-18 23:39:32,933 basehttp 124 "GET /article/2 HTTP/1.1" 200 13409
INFO 2018-08-18 23:39:34,300 basehttp 124 "POST /comment HTTP/1.1" 200 195
INFO 2018-08-18 23:39:34,517 basehttp 124 "GET /article/2 HTTP/1.1" 200 12877
INFO 2018-08-18 23:39:35,778 basehttp 124 "POST /comment HTTP/1.1" 200 195
INFO 2018-08-18 23:39:36,006 basehttp 124 "GET /article/2 HTTP/1.1" 200 13839
INFO 2018-08-18 23:39:37,309 basehttp 124 "POST /comment HTTP/1.1" 200 195
INFO 2018-08-18 23:39:37,591 basehttp 124 "GET /article/2 HTTP/1.1" 200 13075
INFO 2018-08-18 23:39:38,687 basehttp 124 "POST /comment HTTP/1.1" 200 195
INFO 2018-08-18 23:39:38,969 basehttp 124 "GET /article/2 HTTP/1.1" 200 13610
INFO 2018-08-18 23:39:39,861 basehttp 124 "POST /comment HTTP/1.1" 200 195
INFO 2018-08-18 23:39:40,140 basehttp 124 "GET /article/2 HTTP/1.1" 200 13668
INFO 2018-08-18 23:39:41,097 basehttp 124 "POST /comment HTTP/1.1" 200 195
INFO 2018-08-18 23:39:41,357 basehttp 124 "GET /article/2 HTTP/1.1" 200 13940
INFO 2018-08-18 23:39:42,584 basehttp 124 "POST /comment HTTP/1.1" 200 195
INFO 2018-08-18 23:39:42,774 basehttp 124 "GET /article/2 HTTP/1.1" 200 13508
INFO 2018-08-18 23:39:43,725 basehttp 124 "POST /comment HTTP/1.1" 200 195
INFO 2018-08-18 23:39:44,119 basehttp 124 "GET /article/2 HTTP/1.1" 200 13508
INFO 2018-08-18 23:39:48,429 basehttp 124 "POST /comment HTTP/1.1" 200 195
INFO 2018-08-18 23:39:48,561 basehttp 124 "GET /article/2 HTTP/1.1" 200 13260
INFO 2018-08-18 23:39:49,956 basehttp 124 "POST /comment HTTP/1.1" 200 195
INFO 2018-08-18 23:39:50,166 basehttp 124 "GET /article/2 HTTP/1.1" 200 13814
INFO 2018-08-18 23:39:51,370 basehttp 124 "POST /comment HTTP/1.1" 200 195
INFO 2018-08-18 23:39:51,592 basehttp 124 "GET /article/2 HTTP/1.1" 200 13702
INFO 2018-08-18 23:39:52,893 basehttp 124 "POST /comment HTTP/1.1" 200 195
INFO 2018-08-18 23:39:53,190 basehttp 124 "GET /article/2 HTTP/1.1" 200 13714
INFO 2018-08-18 23:39:56,604 basehttp 124 "GET /article/2?page=1005 HTTP/1.1" 200 12441
INFO 2018-08-18 23:39:59,516 basehttp 124 "GET /article/2?page=5 HTTP/1.1" 200 13208
INFO 2018-08-18 23:40:02,674 basehttp 124 "GET /article/2?page=3 HTTP/1.1" 200 13080
INFO 2018-08-18 23:40:05,696 basehttp 124 "GET /article/2?page=4 HTTP/1.1" 200 13598
INFO 2018-08-18 23:40:07,612 basehttp 124 "GET /article/2?page=2 HTTP/1.1" 200 13137
INFO 2018-08-18 23:40:11,221 basehttp 124 "GET /article/2?page=3 HTTP/1.1" 200 13186
INFO 2018-08-18 23:40:19,449 basehttp 124 "GET /article/2?page=4 HTTP/1.1" 200 13208
INFO 2018-08-18 23:40:28,084 basehttp 124 "GET /article/2?page=2 HTTP/1.1" 200 13243
INFO 2018-08-18 23:40:30,758 basehttp 124 "GET /article/2?page=3 HTTP/1.1" 200 13204
INFO 2018-08-18 23:40:35,605 basehttp 124 "GET /article/2?page=4 HTTP/1.1" 200 13352
INFO 2018-08-18 23:40:38,483 basehttp 124 "GET /article/2?page=3 HTTP/1.1" 200 13168
INFO 2018-08-18 23:40:43,078 basehttp 124 "POST /comment HTTP/1.1" 200 195
INFO 2018-08-18 23:40:43,236 basehttp 124 "GET /article/2?page=3 HTTP/1.1" 200 13540
INFO 2018-08-18 23:40:44,606 basehttp 124 "POST /comment HTTP/1.1" 200 195
INFO 2018-08-18 23:40:44,834 basehttp 124 "GET /article/2?page=3 HTTP/1.1" 200 13225
INFO 2018-08-18 23:40:46,127 basehttp 124 "POST /comment HTTP/1.1" 200 195
INFO 2018-08-18 23:40:46,368 basehttp 124 "GET /article/2?page=3 HTTP/1.1" 200 13281
INFO 2018-08-18 23:40:48,842 basehttp 124 "GET /article/2?page=4 HTTP/1.1" 200 13352
INFO 2018-08-18 23:40:51,312 basehttp 124 "GET /article/2?page=5 HTTP/1.1" 200 13756
INFO 2018-08-18 23:42:59,421 basehttp 124 "GET /article/2?page=5 HTTP/1.1" 200 13258
INFO 2018-08-18 23:42:59,637 basehttp 124 "GET /static/images/icon/favicon.ico HTTP/1.1" 200 9817
INFO 2018-08-18 23:43:00,555 basehttp 124 "GET /article/2?page=first HTTP/1.1" 200 13144
INFO 2018-08-18 23:43:03,062 basehttp 124 "GET /article/2?page=2 HTTP/1.1" 200 13317
INFO 2018-08-18 23:43:06,188 basehttp 124 "GET /article/2?page=3 HTTP/1.1" 200 13997
INFO 2018-08-18 23:43:08,068 basehttp 124 "GET /article/2?page=4 HTTP/1.1" 200 13301
INFO 2018-08-18 23:43:11,265 basehttp 124 "GET /article/2?page=5 HTTP/1.1" 200 13008
INFO 2018-08-18 23:43:15,226 basehttp 124 "GET /article/2?page=6 HTTP/1.1" 200 14018
INFO 2018-08-18 23:43:17,052 basehttp 124 "GET /article/2?page=7 HTTP/1.1" 200 10957
INFO 2018-08-18 23:43:23,537 basehttp 124 "GET /article/2?page=first HTTP/1.1" 200 13702
INFO 2018-08-18 23:43:27,490 basehttp 124 "GET /search/?q=&search= HTTP/1.1" 200 6721
INFO 2018-08-18 23:43:31,205 basehttp 124 "GET /article/2 HTTP/1.1" 200 13714
INFO 2018-08-18 23:44:30,320 basehttp 124 "GET /search/?q=hello&search= HTTP/1.1" 200 8512
INFO 2018-08-18 23:44:32,033 basehttp 124 "GET /search/?q=hello&page=2 HTTP/1.1" 200 9245
INFO 2018-08-18 23:47:13,681 basehttp 124 "GET /search/?q=&search= HTTP/1.1" 200 6731
ERROR 2018-08-18 23:47:19,598 exception 135 Internal Server Error: /search/
Traceback (most recent call last):
  File "/home/spirit/.virtualenvs/blog/lib/python3.6/site-packages/django/core/handlers/exception.py", line 41, in inner
    response = get_response(request)
  File "/home/spirit/.virtualenvs/blog/lib/python3.6/site-packages/django/core/handlers/base.py", line 187, in _get_response
    response = self.process_exception_by_middleware(e, request)
  File "/home/spirit/.virtualenvs/blog/lib/python3.6/site-packages/django/core/handlers/base.py", line 185, in _get_response
    response = wrapped_callback(request, *callback_args, **callback_kwargs)
  File "/home/spirit/.virtualenvs/blog/lib/python3.6/site-packages/haystack/views.py", line 51, in __call__
    return self.create_response()
  File "/home/spirit/.virtualenvs/blog/lib/python3.6/site-packages/haystack/views.py", line 150, in create_response
    context = self.get_context()
  File "/home/spirit/.virtualenvs/blog/lib/python3.6/site-packages/haystack/views.py", line 128, in get_context
    (paginator, page) = self.build_page()
  File "/home/spirit/Desktop/MyBlog/blog/search_indexes.py", line 28, in build_page
    for i in self.results:
  File "/home/spirit/.virtualenvs/blog/lib/python3.6/site-packages/haystack/query.py", line 149, in _manual_iter
    if self._cache_is_full():
  File "/home/spirit/.virtualenvs/blog/lib/python3.6/site-packages/haystack/query.py", line 120, in _cache_is_full
    if len(self) <= 0:
ValueError: __len__() should return >= 0
INFO 2018-08-18 23:47:19,775 basehttp 124 "GET /search/?q=hello&search= HTTP/1.1" 200 11558
ERROR 2018-08-18 23:47:19,922 basehttp 124 "GET /search/?q=hello&search= HTTP/1.1" 500 93887
INFO 2018-08-18 23:49:10,555 basehttp 124 "GET / HTTP/1.1" 200 11421
INFO 2018-08-18 23:49:10,613 basehttp 124 "GET /static/images/upload/askdhfkahsdfh_uI41Xj7.png HTTP/1.1" 304 0
INFO 2018-08-18 23:49:19,922 basehttp 124 "GET /search/?q=hello&search= HTTP/1.1" 200 9842
INFO 2018-08-18 23:49:23,227 basehttp 124 "GET /search/?q=hello&search= HTTP/1.1" 200 10554
INFO 2018-08-18 23:49:29,956 basehttp 124 "GET / HTTP/1.1" 200 11207
INFO 2018-08-18 23:49:38,533 basehttp 124 "GET /search/?q=world&search= HTTP/1.1" 200 7453
INFO 2018-08-18 23:49:43,990 basehttp 124 "GET / HTTP/1.1" 200 11173
INFO 2018-08-18 23:49:45,694 basehttp 124 "GET / HTTP/1.1" 200 11081
INFO 2018-08-19 00:07:19,597 basehttp 124 "GET /search/?q=hello&search= HTTP/1.1" 200 9786
INFO 2018-08-19 00:07:19,705 basehttp 124 "GET /static/images/upload/askdhfkahsdfh_uI41Xj7.png HTTP/1.1" 304 0
INFO 2018-08-19 00:07:19,770 basehttp 124 "GET /static/css/style.css HTTP/1.1" 304 0
INFO 2018-08-19 00:07:25,354 basehttp 124 "GET / HTTP/1.1" 200 11635
INFO 2018-08-19 00:07:27,306 basehttp 124 "GET /about HTTP/1.1" 200 6814
INFO 2018-08-19 00:07:27,786 basehttp 124 "GET /about HTTP/1.1" 200 6972
INFO 2018-08-19 00:07:36,929 basehttp 124 "GET /article/archives HTTP/1.1" 200 7303
INFO 2018-08-19 00:07:38,163 basehttp 124 "GET /search/?q=&search= HTTP/1.1" 200 6649
INFO 2018-08-19 00:07:42,366 basehttp 124 "GET /article/archives HTTP/1.1" 200 7727
INFO 2018-08-19 00:07:44,313 basehttp 124 "GET /article/blog HTTP/1.1" 200 6703
INFO 2018-08-19 00:07:44,562 basehttp 124 "GET /article/blogdata?page=1 HTTP/1.1" 200 1012
INFO 2018-08-19 00:07:46,309 basehttp 124 "GET /article/tag/1 HTTP/1.1" 200 9847
INFO 2018-08-19 00:07:49,457 basehttp 124 "GET /article/tag/1 HTTP/1.1" 200 9847
INFO 2018-08-19 00:07:54,262 basehttp 124 "GET /logout/ HTTP/1.1" 302 0
INFO 2018-08-19 00:07:54,389 basehttp 124 "GET / HTTP/1.1" 200 10950
INFO 2018-08-19 00:07:56,529 basehttp 124 "GET /register HTTP/1.1" 200 8605
INFO 2018-08-19 00:07:58,467 basehttp 124 "GET /login/ HTTP/1.1" 200 7933
INFO 2018-08-19 00:08:02,024 basehttp 124 "GET /article/tag/1 HTTP/1.1" 200 9686
INFO 2018-08-19 00:08:03,768 basehttp 124 "GET / HTTP/1.1" 200 11200
INFO 2018-08-19 00:08:04,882 basehttp 124 "GET /article/blog HTTP/1.1" 200 6928
INFO 2018-08-19 00:08:05,220 basehttp 124 "GET /article/blogdata?page=1 HTTP/1.1" 200 1012
INFO 2018-08-19 00:08:07,681 basehttp 124 "GET /article/1 HTTP/1.1" 200 9165
INFO 2018-08-19 00:08:12,617 basehttp 124 "POST /comment HTTP/1.1" 200 32
INFO 2018-08-19 00:08:15,486 basehttp 124 "GET / HTTP/1.1" 200 11484
INFO 2018-08-19 00:08:17,755 basehttp 124 "GET /search/?q=&search= HTTP/1.1" 200 7496
INFO 2018-08-19 00:08:21,516 basehttp 124 "GET / HTTP/1.1" 200 11126
INFO 2018-08-19 00:17:43,298 basehttp 124 "GET / HTTP/1.1" 200 11162
INFO 2018-08-19 00:17:43,653 basehttp 124 "GET / HTTP/1.1" 200 11432
INFO 2018-08-19 00:17:51,954 basehttp 124 "GET /search/?q=hello&search= HTTP/1.1" 200 10855
INFO 2018-08-19 00:17:58,846 basehttp 124 "GET /search/?q=hello&page=2 HTTP/1.1" 200 7860
INFO 2018-08-19 00:18:00,804 basehttp 124 "GET /search/?q=hello&page=1 HTTP/1.1" 200 10927
INFO 2018-08-19 00:18:08,460 basehttp 124 "GET /search/?q=hello&page=2 HTTP/1.1" 200 7806
INFO 2018-08-19 00:21:11,068 basehttp 124 "GET /search/?q=hello&page=2 HTTP/1.1" 200 8226
INFO 2018-08-19 00:21:11,579 basehttp 124 "GET /static/images/icon/favicon.ico HTTP/1.1" 200 9817
INFO 2018-08-19 00:21:20,691 basehttp 124 "GET /search/?q=hello&page=1 HTTP/1.1" 200 10855
