INFO 2018-08-17 20:51:57,965 basehttp 124 "GET / HTTP/1.1" 200 12427
INFO 2018-08-17 20:52:01,178 basehttp 124 "GET /register HTTP/1.1" 200 9076
INFO 2018-08-17 20:52:01,202 basehttp 124 "GET /static/js/test.js HTTP/1.1" 200 8574
ERROR 2018-08-17 20:52:14,208 exception 135 Internal Server Error: /register/sendtomes
Traceback (most recent call last):
  File "/home/spirit/.virtualenvs/blog/lib/python3.6/site-packages/redis/connection.py", line 484, in connect
    sock = self._connect()
  File "/home/spirit/.virtualenvs/blog/lib/python3.6/site-packages/redis/connection.py", line 541, in _connect
    raise err
  File "/home/spirit/.virtualenvs/blog/lib/python3.6/site-packages/redis/connection.py", line 529, in _connect
    sock.connect(socket_address)
ConnectionRefusedError: [Errno 111] Connection refused

During handling of the above exception, another exception occurred:

Traceback (most recent call last):
  File "/home/spirit/.virtualenvs/blog/lib/python3.6/site-packages/redis/client.py", line 667, in execute_command
    connection.send_command(*args)
  File "/home/spirit/.virtualenvs/blog/lib/python3.6/site-packages/redis/connection.py", line 610, in send_command
    self.send_packed_command(self.pack_command(*args))
  File "/home/spirit/.virtualenvs/blog/lib/python3.6/site-packages/redis/connection.py", line 585, in send_packed_command
    self.connect()
  File "/home/spirit/.virtualenvs/blog/lib/python3.6/site-packages/redis/connection.py", line 489, in connect
    raise ConnectionError(self._error_message(e))
redis.exceptions.ConnectionError: Error 111 connecting to 127.0.0.1:6379. Connection refused.

During handling of the above exception, another exception occurred:

Traceback (most recent call last):
  File "/home/spirit/.virtualenvs/blog/lib/python3.6/site-packages/redis/connection.py", line 484, in connect
    sock = self._connect()
  File "/home/spirit/.virtualenvs/blog/lib/python3.6/site-packages/redis/connection.py", line 541, in _connect
    raise err
  File "/home/spirit/.virtualenvs/blog/lib/python3.6/site-packages/redis/connection.py", line 529, in _connect
    sock.connect(socket_address)
ConnectionRefusedError: [Errno 111] Connection refused

During handling of the above exception, another exception occurred:

Traceback (most recent call last):
  File "/home/spirit/.virtualenvs/blog/lib/python3.6/site-packages/django/core/handlers/exception.py", line 41, in inner
    response = get_response(request)
  File "/home/spirit/.virtualenvs/blog/lib/python3.6/site-packages/django/core/handlers/base.py", line 187, in _get_response
    response = self.process_exception_by_middleware(e, request)
  File "/home/spirit/.virtualenvs/blog/lib/python3.6/site-packages/django/core/handlers/base.py", line 185, in _get_response
    response = wrapped_callback(request, *callback_args, **callback_kwargs)
  File "/home/spirit/.virtualenvs/blog/lib/python3.6/site-packages/django/views/generic/base.py", line 68, in view
    return self.dispatch(request, *args, **kwargs)
  File "/home/spirit/.virtualenvs/blog/lib/python3.6/site-packages/django/views/generic/base.py", line 88, in dispatch
    return handler(request, *args, **kwargs)
  File "/home/spirit/Desktop/MyBlog/user/views.py", line 26, in get
    if redis_conn.get('is_send_%s' % mobile):
  File "/home/spirit/.virtualenvs/blog/lib/python3.6/site-packages/redis/client.py", line 976, in get
    return self.execute_command('GET', name)
  File "/home/spirit/.virtualenvs/blog/lib/python3.6/site-packages/redis/client.py", line 673, in execute_command
    connection.send_command(*args)
  File "/home/spirit/.virtualenvs/blog/lib/python3.6/site-packages/redis/connection.py", line 610, in send_command
    self.send_packed_command(self.pack_command(*args))
  File "/home/spirit/.virtualenvs/blog/lib/python3.6/site-packages/redis/connection.py", line 585, in send_packed_command
    self.connect()
  File "/home/spirit/.virtualenvs/blog/lib/python3.6/site-packages/redis/connection.py", line 489, in connect
    raise ConnectionError(self._error_message(e))
redis.exceptions.ConnectionError: Error 111 connecting to 127.0.0.1:6379. Connection refused.
ERROR 2018-08-17 20:52:14,304 basehttp 124 "GET /register/sendtomes?mobile=15522222221 HTTP/1.1" 500 20109
INFO 2018-08-17 20:52:47,236 basehttp 124 "GET /register HTTP/1.1" 200 9076
INFO 2018-08-17 20:52:47,270 basehttp 124 "GET /static/css/github-markdown.css HTTP/1.1" 200 5585
INFO 2018-08-17 20:52:47,280 basehttp 124 "GET /static/css/nprogress.css HTTP/1.1" 200 1410
INFO 2018-08-17 20:52:47,286 basehttp 124 "GET /static/css/highlights/github.css HTTP/1.1" 200 4015
INFO 2018-08-17 20:52:47,298 basehttp 124 "GET /static/css/bootstrap.min.css HTTP/1.1" 200 121200
INFO 2018-08-17 20:52:47,304 basehttp 124 "GET /static/images/logo.png HTTP/1.1" 200 2317
INFO 2018-08-17 20:52:47,308 basehttp 124 "GET /static/css/style.css HTTP/1.1" 200 49054
INFO 2018-08-17 20:52:47,310 basehttp 124 "GET /static/js/jquery.lazyload.min.js HTTP/1.1" 200 4134
INFO 2018-08-17 20:52:47,315 basehttp 124 "GET /static/js/nprogress.js HTTP/1.1" 200 8933
INFO 2018-08-17 20:52:47,321 basehttp 124 "GET /static/js/jquery-2.1.4.min.js HTTP/1.1" 200 84345
INFO 2018-08-17 20:52:47,322 basehttp 124 "GET /static/images/upload/default_image.png HTTP/1.1" 200 39227
INFO 2018-08-17 20:52:47,327 basehttp 124 "GET /static/js/bootstrap.min.js HTTP/1.1" 200 36816
INFO 2018-08-17 20:52:47,330 basehttp 124 "GET /static/js/jquery.ias.js HTTP/1.1" 200 6669
INFO 2018-08-17 20:52:47,339 basehttp 124 "GET /static/js/scripts.js HTTP/1.1" 200 2649
INFO 2018-08-17 20:52:47,350 basehttp 124 "GET /static/js/test.js HTTP/1.1" 200 8574
INFO 2018-08-17 20:52:47,355 basehttp 124 "GET /static/images/upload/askdhfkahsdfh_JaKFw1f.png HTTP/1.1" 200 52043
INFO 2018-08-17 20:52:47,359 basehttp 124 "GET /static/fonts/glyphicons-halflings-regular.woff2 HTTP/1.1" 200 18028
INFO 2018-08-17 20:52:47,360 basehttp 124 "GET /static/images/backtop.png HTTP/1.1" 200 1123
INFO 2018-08-17 20:52:47,479 basehttp 124 "GET /static/images/icon/favicon.ico HTTP/1.1" 200 9817
INFO 2018-08-17 20:52:56,958 basehttp 124 "GET /register/sendtomes?mobile=15900009999 HTTP/1.1" 200 15
INFO 2018-08-17 20:59:12,353 basehttp 124 "GET / HTTP/1.1" 200 12427
INFO 2018-08-17 20:59:16,248 basehttp 124 "GET / HTTP/1.1" 200 12427
INFO 2018-08-17 20:59:18,877 basehttp 124 "GET / HTTP/1.1" 200 12427
INFO 2018-08-17 20:59:19,487 basehttp 124 "GET / HTTP/1.1" 200 12427
INFO 2018-08-17 20:59:20,616 basehttp 124 "GET /article/blog HTTP/1.1" 200 7105
INFO 2018-08-17 20:59:20,657 basehttp 124 "GET /static/js/bloglist.js HTTP/1.1" 200 2584
INFO 2018-08-17 20:59:20,828 basehttp 124 "GET /article/blogdata?page=1 HTTP/1.1" 200 1388
INFO 2018-08-17 20:59:24,569 basehttp 124 "GET /article/blog HTTP/1.1" 200 7105
INFO 2018-08-17 20:59:24,776 basehttp 124 "GET /article/blogdata?page=1 HTTP/1.1" 200 1388
INFO 2018-08-17 20:59:28,022 basehttp 124 "GET /article/archives HTTP/1.1" 200 8926
INFO 2018-08-17 20:59:28,090 basehttp 124 "GET /static/js/test.js HTTP/1.1" 304 0
INFO 2018-08-17 20:59:40,985 basehttp 124 "GET /article/archives HTTP/1.1" 200 8926
INFO 2018-08-17 20:59:49,315 basehttp 124 "GET /search/?q=hello&search= HTTP/1.1" 200 9874
INFO 2018-08-17 20:59:49,345 basehttp 124 "GET /search/?q=hello&search= HTTP/1.1" 200 9874
INFO 2018-08-17 20:59:53,115 basehttp 124 "GET /article/category/1 HTTP/1.1" 200 8774
INFO 2018-08-17 20:59:58,398 basehttp 124 "GET /article/tag/2 HTTP/1.1" 200 7871
INFO 2018-08-17 21:00:01,733 basehttp 124 "GET /article/tag/1 HTTP/1.1" 200 9531
INFO 2018-08-17 21:02:29,270 basehttp 124 "GET /article/tag/1 HTTP/1.1" 200 9509
INFO 2018-08-17 21:02:29,311 basehttp 124 "GET /static/css/github-markdown.css HTTP/1.1" 200 5585
INFO 2018-08-17 21:02:29,319 basehttp 124 "GET /static/css/bootstrap.min.css HTTP/1.1" 200 121200
INFO 2018-08-17 21:02:29,321 basehttp 124 "GET /static/css/nprogress.css HTTP/1.1" 200 1410
INFO 2018-08-17 21:02:29,333 basehttp 124 "GET /static/css/style.css HTTP/1.1" 200 49054
INFO 2018-08-17 21:02:29,339 basehttp 124 "GET /static/js/jquery.lazyload.min.js HTTP/1.1" 200 4134
INFO 2018-08-17 21:02:29,346 basehttp 124 "GET /static/js/nprogress.js HTTP/1.1" 200 8933
INFO 2018-08-17 21:02:29,349 basehttp 124 "GET /static/images/logo.png HTTP/1.1" 200 2317
INFO 2018-08-17 21:02:29,351 basehttp 124 "GET /static/js/jquery-2.1.4.min.js HTTP/1.1" 200 84345
INFO 2018-08-17 21:02:29,353 basehttp 124 "GET /static/css/highlights/github.css HTTP/1.1" 200 4015
INFO 2018-08-17 21:02:29,355 basehttp 124 "GET /static/images/upload/default_image.png HTTP/1.1" 200 39227
INFO 2018-08-17 21:02:29,372 basehttp 124 "GET /static/js/bootstrap.min.js HTTP/1.1" 200 36816
INFO 2018-08-17 21:02:29,374 basehttp 124 "GET /static/js/jquery.ias.js HTTP/1.1" 200 6669
INFO 2018-08-17 21:02:29,379 basehttp 124 "GET /static/js/scripts.js HTTP/1.1" 200 2649
INFO 2018-08-17 21:02:29,391 basehttp 124 "GET /static/images/upload/askdhfkahsdfh_JaKFw1f.png HTTP/1.1" 200 52043
INFO 2018-08-17 21:02:29,397 basehttp 124 "GET /static/images/backtop.png HTTP/1.1" 200 1123
INFO 2018-08-17 21:02:29,403 basehttp 124 "GET /static/fonts/glyphicons-halflings-regular.woff2 HTTP/1.1" 200 18028
INFO 2018-08-17 21:02:29,696 basehttp 124 "GET /static/images/icon/favicon.ico HTTP/1.1" 200 9817
INFO 2018-08-17 21:09:26,849 basehttp 124 "GET /article/tag/1 HTTP/1.1" 200 9534
INFO 2018-08-17 21:09:27,154 basehttp 124 "GET /static/images/icon/favicon.ico HTTP/1.1" 200 9817
INFO 2018-08-17 21:09:29,151 basehttp 124 "GET /article/tag/1 HTTP/1.1" 200 9534
INFO 2018-08-17 21:09:29,459 basehttp 124 "GET /static/images/icon/favicon.ico HTTP/1.1" 200 9817
INFO 2018-08-17 21:09:47,035 basehttp 124 "GET /article/tag/1 HTTP/1.1" 200 9532
INFO 2018-08-17 21:09:47,068 basehttp 124 "GET /static/css/github-markdown.css HTTP/1.1" 200 5585
INFO 2018-08-17 21:09:47,073 basehttp 124 "GET /static/css/nprogress.css HTTP/1.1" 200 1410
INFO 2018-08-17 21:09:47,076 basehttp 124 "GET /static/css/bootstrap.min.css HTTP/1.1" 200 121200
INFO 2018-08-17 21:09:47,085 basehttp 124 "GET /static/css/style.css HTTP/1.1" 200 49054
INFO 2018-08-17 21:09:47,086 basehttp 124 "GET /static/css/highlights/github.css HTTP/1.1" 200 4015
INFO 2018-08-17 21:09:47,095 basehttp 124 "GET /static/js/nprogress.js HTTP/1.1" 200 8933
INFO 2018-08-17 21:09:47,114 basehttp 124 "GET /static/js/jquery-2.1.4.min.js HTTP/1.1" 200 84345
INFO 2018-08-17 21:09:47,115 basehttp 124 "GET /static/images/logo.png HTTP/1.1" 200 2317
INFO 2018-08-17 21:09:47,116 basehttp 124 "GET /static/js/jquery.lazyload.min.js HTTP/1.1" 200 4134
INFO 2018-08-17 21:09:47,118 basehttp 124 "GET /static/images/upload/default_image.png HTTP/1.1" 200 39227
INFO 2018-08-17 21:09:47,129 basehttp 124 "GET /static/js/bootstrap.min.js HTTP/1.1" 200 36816
INFO 2018-08-17 21:09:47,159 basehttp 124 "GET /static/js/jquery.ias.js HTTP/1.1" 200 6669
INFO 2018-08-17 21:09:47,171 basehttp 124 "GET /static/js/scripts.js HTTP/1.1" 200 2649
INFO 2018-08-17 21:09:47,173 basehttp 124 "GET /static/images/upload/askdhfkahsdfh_JaKFw1f.png HTTP/1.1" 200 52043
INFO 2018-08-17 21:09:47,174 basehttp 124 "GET /static/images/backtop.png HTTP/1.1" 200 1123
INFO 2018-08-17 21:09:47,178 basehttp 124 "GET /static/fonts/glyphicons-halflings-regular.woff2 HTTP/1.1" 200 18028
INFO 2018-08-17 21:09:47,473 basehttp 124 "GET /static/images/icon/favicon.ico HTTP/1.1" 200 9817
INFO 2018-08-17 21:10:00,112 basehttp 124 "GET /article/tag/1 HTTP/1.1" 200 9532
INFO 2018-08-17 21:10:00,589 basehttp 124 "GET /static/images/icon/favicon.ico HTTP/1.1" 200 9817
INFO 2018-08-17 21:11:19,495 basehttp 124 "GET / HTTP/1.1" 200 12428
INFO 2018-08-17 21:11:22,267 basehttp 124 "GET /login/ HTTP/1.1" 200 8103
INFO 2018-08-17 21:11:22,287 basehttp 124 "GET /static/js/test.js HTTP/1.1" 304 0
INFO 2018-08-17 21:11:28,239 basehttp 124 "POST /login/ HTTP/1.1" 200 15
INFO 2018-08-17 21:11:28,290 basehttp 124 "GET /login/ HTTP/1.1" 302 0
INFO 2018-08-17 21:11:28,443 basehttp 124 "GET / HTTP/1.1" 200 12400
INFO 2018-08-17 21:25:34,582 basehttp 124 "GET / HTTP/1.1" 200 12400
INFO 2018-08-17 21:25:34,606 basehttp 124 "GET /static/css/github-markdown.css HTTP/1.1" 200 5585
INFO 2018-08-17 21:25:34,614 basehttp 124 "GET /static/css/bootstrap.min.css HTTP/1.1" 200 121200
INFO 2018-08-17 21:25:34,616 basehttp 124 "GET /static/css/nprogress.css HTTP/1.1" 200 1410
INFO 2018-08-17 21:25:34,635 basehttp 124 "GET /static/css/style.css HTTP/1.1" 200 49054
INFO 2018-08-17 21:25:34,647 basehttp 124 "GET /static/css/highlights/github.css HTTP/1.1" 200 4015
INFO 2018-08-17 21:25:34,648 basehttp 124 "GET /static/js/jquery-2.1.4.min.js HTTP/1.1" 200 84345
INFO 2018-08-17 21:25:34,649 basehttp 124 "GET /static/js/nprogress.js HTTP/1.1" 200 8933
INFO 2018-08-17 21:25:34,661 basehttp 124 "GET /static/js/jquery.lazyload.min.js HTTP/1.1" 200 4134
INFO 2018-08-17 21:25:34,669 basehttp 124 "GET /static/images/upload/default_image.png HTTP/1.1" 200 39227
INFO 2018-08-17 21:25:34,674 basehttp 124 "GET /static/images/logo.png HTTP/1.1" 200 2317
INFO 2018-08-17 21:25:34,709 basehttp 124 "GET /static/js/jquery.ias.js HTTP/1.1" 200 6669
INFO 2018-08-17 21:25:34,713 basehttp 124 "GET /static/js/bootstrap.min.js HTTP/1.1" 200 36816
INFO 2018-08-17 21:25:34,714 basehttp 124 "GET /static/images/backtop.png HTTP/1.1" 200 1123
INFO 2018-08-17 21:25:34,722 basehttp 124 "GET /static/js/scripts.js HTTP/1.1" 200 2649
INFO 2018-08-17 21:25:34,730 basehttp 124 "GET /static/images/upload/askdhfkahsdfh_JaKFw1f.png HTTP/1.1" 200 52043
INFO 2018-08-17 21:25:34,749 basehttp 124 "GET /static/fonts/glyphicons-halflings-regular.woff2 HTTP/1.1" 200 18028
INFO 2018-08-17 21:25:35,016 basehttp 124 "GET /static/images/icon/favicon.ico HTTP/1.1" 200 9817
INFO 2018-08-17 21:25:43,252 basehttp 124 "GET /logout/ HTTP/1.1" 302 0
INFO 2018-08-17 21:25:43,332 basehttp 124 "GET / HTTP/1.1" 200 12428
INFO 2018-08-17 21:25:44,513 basehttp 124 "GET /login/ HTTP/1.1" 200 8103
INFO 2018-08-17 21:25:44,546 basehttp 124 "GET /static/js/test.js HTTP/1.1" 304 0
INFO 2018-08-17 21:25:52,834 basehttp 124 "POST /login/ HTTP/1.1" 200 15
INFO 2018-08-17 21:25:52,877 basehttp 124 "GET /login/ HTTP/1.1" 302 0
INFO 2018-08-17 21:25:53,045 basehttp 124 "GET / HTTP/1.1" 200 12400
INFO 2018-08-17 21:26:02,522 basehttp 124 "GET /logout/ HTTP/1.1" 302 0
INFO 2018-08-17 21:26:02,647 basehttp 124 "GET / HTTP/1.1" 200 12428
INFO 2018-08-17 21:26:21,640 basehttp 124 "GET / HTTP/1.1" 200 12428
INFO 2018-08-17 21:26:21,685 basehttp 124 "GET /static/css/github-markdown.css HTTP/1.1" 200 5585
INFO 2018-08-17 21:26:21,695 basehttp 124 "GET /static/css/nprogress.css HTTP/1.1" 200 1410
INFO 2018-08-17 21:26:21,698 basehttp 124 "GET /static/css/style.css HTTP/1.1" 200 49054
INFO 2018-08-17 21:26:21,701 basehttp 124 "GET /static/css/bootstrap.min.css HTTP/1.1" 200 121200
INFO 2018-08-17 21:26:21,730 basehttp 124 "GET /static/css/highlights/github.css HTTP/1.1" 200 4015
INFO 2018-08-17 21:26:21,731 basehttp 124 "GET /static/js/nprogress.js HTTP/1.1" 200 8933
INFO 2018-08-17 21:26:21,732 basehttp 124 "GET /static/js/jquery.lazyload.min.js HTTP/1.1" 200 4134
INFO 2018-08-17 21:26:21,737 basehttp 124 "GET /static/images/logo.png HTTP/1.1" 200 2317
INFO 2018-08-17 21:26:21,744 basehttp 124 "GET /static/js/jquery-2.1.4.min.js HTTP/1.1" 200 84345
INFO 2018-08-17 21:26:21,752 basehttp 124 "GET /static/images/upload/default_image.png HTTP/1.1" 200 39227
INFO 2018-08-17 21:26:21,777 basehttp 124 "GET /static/js/bootstrap.min.js HTTP/1.1" 200 36816
INFO 2018-08-17 21:26:21,815 basehttp 124 "GET /static/js/scripts.js HTTP/1.1" 200 2649
INFO 2018-08-17 21:26:21,825 basehttp 124 "GET /static/js/jquery.ias.js HTTP/1.1" 200 6669
INFO 2018-08-17 21:26:21,862 basehttp 124 "GET /static/images/upload/askdhfkahsdfh_JaKFw1f.png HTTP/1.1" 200 52043
INFO 2018-08-17 21:26:21,883 basehttp 124 "GET /static/images/backtop.png HTTP/1.1" 200 1123
INFO 2018-08-17 21:26:21,895 basehttp 124 "GET /static/fonts/glyphicons-halflings-regular.woff2 HTTP/1.1" 200 18028
INFO 2018-08-17 21:26:22,174 basehttp 124 "GET /static/images/icon/favicon.ico HTTP/1.1" 200 9817
INFO 2018-08-17 21:26:29,227 basehttp 124 "GET /login/ HTTP/1.1" 200 8103
INFO 2018-08-17 21:26:40,235 basehttp 124 "POST /login/ HTTP/1.1" 200 15
INFO 2018-08-17 21:26:40,275 basehttp 124 "GET /login/ HTTP/1.1" 302 0
INFO 2018-08-17 21:26:40,411 basehttp 124 "GET / HTTP/1.1" 200 12400
INFO 2018-08-17 21:26:51,536 basehttp 124 "GET /logout/ HTTP/1.1" 302 0
INFO 2018-08-17 21:26:51,636 basehttp 124 "GET / HTTP/1.1" 200 12428
INFO 2018-08-17 21:28:44,385 basehttp 124 "GET /register HTTP/1.1" 200 9077
INFO 2018-08-17 21:28:46,199 basehttp 124 "GET / HTTP/1.1" 200 12428
INFO 2018-08-17 21:31:52,084 basehttp 124 "GET /article/tag/2 HTTP/1.1" 200 7844
INFO 2018-08-17 21:31:52,385 basehttp 124 "GET /static/images/icon/favicon.ico HTTP/1.1" 200 9817
INFO 2018-08-17 21:32:04,300 basehttp 124 "GET /logout/ HTTP/1.1" 302 0
INFO 2018-08-17 21:32:04,376 basehttp 124 "GET / HTTP/1.1" 200 12428
